INFO:    Environment variable SINGULARITY_TMPDIR is set, but APPTAINER_TMPDIR is preferred
INFO:    Converting OCI blobs to SIF format
INFO:    Starting build...
Getting image source signatures
Copying blob sha256:ebfbb1b1d71cea5d17b85fc1220d1c25ce5c2fa8df73807c2e1a6660ecfec08e
Copying blob sha256:b70f6d7c253dab3e24ec3dddb8c03bd2f6194519c708f5cf1d39ad8d93e3b218
Copying blob sha256:79e1861a3424eddbd6c45ba167230bf6848cbd4bb0f83f888cd8782cebfc38ec
Copying blob sha256:bc4670438c06c8c9acb380cf595219c60286a783f51d1b2b2580d2d566f39910
Copying blob sha256:9989383bd1bc2f19702c0e6f341a89b4fdc65e404d7cd4d32d8ed1c0d46abe31
Copying blob sha256:eaead16dc43bb8811d4ff450935d607f9ba4baffda4fc110cc402fa43f601d83
Copying blob sha256:4f4fb700ef54461cfa02571ae0db9a0dc1e0cdb5577484a6d75e68dc38e8acc1
Copying config sha256:918419671b5bbc84beb3429a8872b61ea563efca74d3d59d50f34b571ef1a9e7
Writing manifest to image destination
Storing signatures
2024/04/20 22:57:51  info unpack layer: sha256:eaead16dc43bb8811d4ff450935d607f9ba4baffda4fc110cc402fa43f601d83
2024/04/20 22:57:51  warn xattr{etc/gshadow} ignoring ENOTSUP on setxattr "user.rootlesscontainers"
2024/04/20 22:57:51  warn xattr{/work/yk132/tmp/build-temp-3039432491/rootfs/etc/gshadow} destination filesystem does not support xattrs, further warnings will be suppressed
2024/04/20 22:58:50  info unpack layer: sha256:b70f6d7c253dab3e24ec3dddb8c03bd2f6194519c708f5cf1d39ad8d93e3b218
2024/04/20 22:59:34  warn xattr{usr/local/lib/python3.8} ignoring ENOTSUP on setxattr "user.rootlesscontainers"
2024/04/20 22:59:34  warn xattr{/work/yk132/tmp/build-temp-3039432491/rootfs/usr/local/lib/python3.8} destination filesystem does not support xattrs, further warnings will be suppressed
2024/04/20 23:00:33  info unpack layer: sha256:9989383bd1bc2f19702c0e6f341a89b4fdc65e404d7cd4d32d8ed1c0d46abe31
2024/04/20 23:00:34  info unpack layer: sha256:79e1861a3424eddbd6c45ba167230bf6848cbd4bb0f83f888cd8782cebfc38ec
2024/04/20 23:00:35  info unpack layer: sha256:bc4670438c06c8c9acb380cf595219c60286a783f51d1b2b2580d2d566f39910
2024/04/20 23:00:35  info unpack layer: sha256:ebfbb1b1d71cea5d17b85fc1220d1c25ce5c2fa8df73807c2e1a6660ecfec08e
2024/04/20 23:00:35  info unpack layer: sha256:4f4fb700ef54461cfa02571ae0db9a0dc1e0cdb5577484a6d75e68dc38e8acc1
INFO:    Creating SIF file...
Setting up 'ncbi' in '/abricate-1.0.1/db/ncbi'
mkdir /abricate-1.0.1/db/ncbi/src: Read-only file system at /abricate-1.0.1/bin/abricate-get_db line 56.
INFO:    Environment variable SINGULARITY_TMPDIR is set, but APPTAINER_TMPDIR is preferred
INFO:    Using cached SIF image
