INFO:    Environment variable SINGULARITY_TMPDIR is set, but APPTAINER_TMPDIR is preferred
INFO:    Downloading oras image
[2024-04-03 23:09:28.951] [info] > Creating basecall pipeline
[2024-04-03 23:09:44.466] [info]  - set batch size for cuda:0 to 320
[2024-04-04 00:41:14.373] [info] > Simplex reads basecalled: 587488
[2024-04-04 00:41:14.395] [info] > Basecalled @ Samples/s: 2.180016e+06
[2024-04-04 00:41:15.205] [info] > Finished
INFO:    Environment variable SINGULARITY_TMPDIR is set, but APPTAINER_TMPDIR is preferred
INFO:    Using cached SIF image
[2024-04-04 00:41:36.911] [info] > Creating basecall pipeline
[2024-04-04 00:41:39.588] [info]  - set batch size for cuda:0 to 320
[2024-04-04 00:47:31.597] [info] > Simplex reads basecalled: 71821
[2024-04-04 00:47:31.599] [info] > Basecalled @ Samples/s: 1.374472e+06
[2024-04-04 00:47:31.908] [info] > Finished
INFO:    Environment variable SINGULARITY_TMPDIR is set, but APPTAINER_TMPDIR is preferred
INFO:    Using cached SIF image
[2024-04-04 00:47:34.712] [info] > Creating basecall pipeline
[2024-04-04 00:47:37.371] [info]  - set batch size for cuda:0 to 320
[2024-04-04 00:47:40.133] [info] > Simplex reads basecalled: 588
[2024-04-04 00:47:40.133] [info] > Basecalled @ Samples/s: 5.685612e+05
[2024-04-04 00:47:40.138] [info] > Finished
INFO:    Environment variable SINGULARITY_TMPDIR is set, but APPTAINER_TMPDIR is preferred
INFO:    Using cached SIF image
[2024-04-04 00:47:42.400] [error] Unknown argument: --output-dir
Usage: dorado [-h] [--device VAR] [--read-ids VAR] [--resume-from VAR] [--max-reads VAR] [--min-qscore VAR] [--batchsize VAR] [--chunksize VAR] [--overlap VAR] [--recursive] [--modified-bases VAR...] [--modified-bases-models VAR] [--modified-bases-threshold VAR] [--emit-fastq] [--emit-sam] [--emit-moves] [--reference VAR] [--kit-name VAR] [--barcode-both-ends] [--no-trim] [--sample-sheet VAR] [-k VAR] [-w VAR] [-I VAR] [--secondary VAR] [-N VAR] [-Y] [--bandwidth VAR] model data

Positional arguments:
  model                     	the basecaller model to run. 
  data                      	the data directory or file (POD5/FAST5 format). 

Optional arguments:
  -h, --help                	shows help message and exits 
  -v, --verbose             	
  -x, --device              	device string in format "cuda:0,...,N", "cuda:all", "metal", "cpu" etc.. [default: "cuda:all"]
  -l, --read-ids            	A file with a newline-delimited list of reads to basecall. If not provided, all reads will be basecalled [default: ""]
  --resume-from             	Resume basecalling from the given HTS file. Fully written read records are not processed again. [default: ""]
  -n, --max-reads           	[default: 0]
  --min-qscore              	Discard reads with mean Q-score below this threshold. [default: 0]
  -b, --batchsize           	if 0 an optimal batchsize will be selected. batchsizes are rounded to the closest multiple of 64. [default: 0]
  -c, --chunksize           	[default: 10000]
  -o, --overlap             	[default: 500]
  -r, --recursive           	Recursively scan through directories to load FAST5 and POD5 files 
  --modified-bases          	[nargs: 1 or more] 
  --modified-bases-models   	a comma separated list of modified base models [default: ""]
  --modified-bases-threshold	the minimum predicted methylation probability for a modified base to be emitted in an all-context model, [0, 1] [default: 0.05]
  --emit-fastq              	Output in fastq format. 
  --emit-sam                	Output in SAM format. 
  --emit-moves              	
  --reference               	Path to reference for alignment. [default: ""]
  --kit-name                	Enable barcoding with the provided kit name. Choose from: EXP-NBD103 EXP-NBD104 EXP-NBD114 EXP-NBD196 EXP-PBC001 EXP-PBC096 SQK-16S024 SQK-16S114-24 SQK-LWB001 SQK-MLK111-96-XL SQK-MLK114-96-XL SQK-NBD111-24 SQK-NBD111-96 SQK-NBD114-24 SQK-NBD114-96 SQK-PBK004 SQK-PCB109 SQK-PCB110 SQK-PCB111-24 SQK-PCB114-24 SQK-RAB201 SQK-RAB204 SQK-RBK001 SQK-RBK004 SQK-RBK110-96 SQK-RBK111-24 SQK-RBK111-96 SQK-RBK114-24 SQK-RBK114-96 SQK-RLB001 SQK-RPB004 SQK-RPB114-24 VSK-PTC001 VSK-VMK001 VSK-VMK004 VSK-VPS001. 
  --barcode-both-ends       	Require both ends of a read to be barcoded for a double ended barcode. 
  --no-trim                 	Skip barcode trimming. If option is not chosen, trimming is enabled. 
  --sample-sheet            	Path to the sample sheet to use. [default: ""]
  -k                        	minimap2 k-mer size for alignment (maximum 28). [default: 15]
  -w                        	minimap2 minimizer window size for alignment. [default: 10]
  -I                        	minimap2 index batch size. [default: "16G"]
  --secondary               	minimap2 outputs secondary alignments [default: "yes"]
  -N                        	minimap2 retains at most INT secondary alignments [default: 5]
  -Y                        	minimap2 uses soft clipping for supplementary alignments 
  --bandwidth               	minimap2 chaining/alignment bandwidth and optionally long-join bandwidth specified as NUM,[NUM] [default: "500,20K"]

INFO:    Environment variable SINGULARITY_TMPDIR is set, but APPTAINER_TMPDIR is preferred
INFO:    Using cached SIF image
terminate called after throwing an instance of 'std::runtime_error'
  what():  Could not read header from file: /hpc/home/yk132/storage/20230908_Dust_Redo_R9/Outputs/Job3_dorado_fastq_res/unclassified.fastq
/var/spool/slurmd/job6057850/slurm_script: line 96: 718106 Aborted                 singularity exec --nv --bind /work:/work --bind /hpc/group:/hpc/group ${DORADO_SIF_PATH} dorado demux --kit-name SQK-RPB004 --output-dir $DORADO_RESULTS_DIR $DORADO_RESULTS_DIR/unclassified.fastq
