N E X T F L O W  ~  version 23.04.3
NOTE: Your local project version looks outdated - a different revision is available in the remote repository [b12d893856]
Launching `https://github.com/epi2me-labs/wf-metagenomics` [happy_boltzmann] DSL2 - revision: 441c081893 [master]
WARN: NEXTFLOW RECURSION IS A PREVIEW FEATURE - SYNTAX AND FUNCTIONALITY CAN CHANGE IN FUTURE RELEASES

||||||||||   _____ ____ ___ ____  __  __ _____      _       _
||||||||||  | ____|  _ \_ _|___ \|  \/  | ____|    | | __ _| |__  ___
|||||       |  _| | |_) | |  __) | |\/| |  _| _____| |/ _` | '_ \/ __|
|||||       | |___|  __/| | / __/| |  | | |__|_____| | (_| | |_) \__ \
||||||||||  |_____|_|  |___|_____|_|  |_|_____|    |_|\__,_|_.__/|___/
||||||||||  wf-metagenomics v2.9.1-g441c081
--------------------------------------------------------------------------------
Core Nextflow options
  revision       : master
  runName        : happy_boltzmann
  containerEngine: singularity
  launchDir      : /hpc/group/gunschlab/yk132/storage/20230908_Dust_Redo_R9/CAFO_Nanopore_clean
  workDir        : /work/yk132/CAFO_Nanopore_work/nf_working
  projectDir     : /hpc/home/yk132/.nextflow/assets/epi2me-labs/wf-metagenomics
  userName       : yk132
  profile        : singularity
  configFiles    : /hpc/home/yk132/.nextflow/assets/epi2me-labs/wf-metagenomics/nextflow.config, /hpc/group/gunschlab/yk132/storage/20230908_Dust_Redo_R9/CAFO_Nanopore_clean/nextflow.config, /hpc/group/gunschlab/yk132/storage/20230908_Dust_Redo_R9/CAFO_Nanopore_clean/./nextflow.config

Input Options
  fastq          : /hpc/home/yk132/storage/20230908_Dust_Redo_R9/Outputs/Job4_merged_fastq/barcode03_merged.fastq
  classifier     : minimap2

Reference Options
  database_set   : ncbi_16s_18s_28s_ITS
  store_dir      : /hpc/home/yk132/storage/20230908_Dust_Redo_R9/Outputs/Job8_db
  database_sets  : [ncbi_16s_18s:[reference:https://ont-exd-int-s3-euwst1-epi2me-labs.s3.amazonaws.com/wf-metagenomics/ncbi_16s_18s/ncbi_targeted_loci_16s_18s.fna, database:https://ont-exd-int-s3-euwst1-epi2me-labs.s3.amazonaws.com/wf-metagenomics/ncbi_16s_18s/ncbi_targeted_loci_kraken2.tar.gz, ref2taxid:https://ont-exd-int-s3-euwst1-epi2me-labs.s3.amazonaws.com/wf-metagenomics/ncbi_16s_18s/ref2taxid.targloci.tsv, taxonomy:https://ftp.ncbi.nlm.nih.gov/pub/taxonomy/taxdump_archive/taxdmp_2023-01-01.zip], ncbi_16s_18s_28s_ITS:[reference:https://ont-exd-int-s3-euwst1-epi2me-labs.s3.amazonaws.com/wf-metagenomics/ncbi_16s_18s_28s_ITS/ncbi_16s_18s_28s_ITS.fna, database:https://ont-exd-int-s3-euwst1-epi2me-labs.s3.amazonaws.com/wf-metagenomics/ncbi_16s_18s_28s_ITS/ncbi_16s_18s_28s_ITS_kraken2.tar.gz, ref2taxid:https://ont-exd-int-s3-euwst1-epi2me-labs.s3.amazonaws.com/wf-metagenomics/ncbi_16s_18s_28s_ITS/ref2taxid.ncbi_16s_18s_28s_ITS.tsv, taxonomy:https://ftp.ncbi.nlm.nih.gov/pub/taxonomy/taxdump_archive/taxdmp_2023-01-01.zip], SILVA_138_1:[database:null], Standard-8:[database:https://genome-idx.s3.amazonaws.com/kraken/k2_standard_08gb_20231009.tar.gz, taxonomy:https://ftp.ncbi.nlm.nih.gov/pub/taxonomy/taxdump_archive/new_taxdump_2023-03-01.zip], PlusPF-8:[database:https://genome-idx.s3.amazonaws.com/kraken/k2_pluspf_08gb_20230314.tar.gz, taxonomy:https://ftp.ncbi.nlm.nih.gov/pub/taxonomy/taxdump_archive/new_taxdump_2023-03-01.zip], PlusPFP-8:[database:https://genome-idx.s3.amazonaws.com/kraken/k2_pluspfp_08gb_20230314.tar.gz, taxonomy:https://ftp.ncbi.nlm.nih.gov/pub/taxonomy/taxdump_archive/new_taxdump_2023-03-01.zip]]

Output Options
  out_dir        : /hpc/home/yk132/storage/20230908_Dust_Redo_R9/Outputs/Job8_wf_meta_barcode03_res

Advanced Options
  min_len        : 50
  threads        : 30

!! Only displaying parameters that differ from the pipeline defaults !!
--------------------------------------------------------------------------------
If you use epi2me-labs/wf-metagenomics for your analysis please cite:

* The nf-core framework
  https://doi.org/10.1038/s41587-020-0439-x


--------------------------------------------------------------------------------
This is epi2me-labs/wf-metagenomics v2.9.1-g441c081.
--------------------------------------------------------------------------------
Checking inputs.
Searching input for [.fastq, .fastq.gz, .fq, .fq.gz] files.
[-        ] process > fastcat                        -
[-        ] process > prepare_databases:download_... -
[-        ] process > prepare_databases:download_... -
[-        ] process > minimap_pipeline:run_common... -
[-        ] process > minimap_pipeline:run_common... -
[-        ] process > minimap_pipeline:minimap       -
[-        ] process > minimap_pipeline:createAbun... -
[-        ] process > minimap_pipeline:makeReport    -
[-        ] process > minimap_pipeline:output_res... -
Minimap2 pipeline.
Preparing databases.
Using default taxonomy database.
Using a default database.

[-        ] process > fastcat                        [  0%] 0 of 1
[-        ] process > prepare_databases:download_... -
[-        ] process > prepare_databases:download_... [  0%] 0 of 1
[-        ] process > minimap_pipeline:run_common... [  0%] 0 of 1
[-        ] process > minimap_pipeline:run_common... [  0%] 0 of 1
[-        ] process > minimap_pipeline:minimap       -
[-        ] process > minimap_pipeline:createAbun... -
[-        ] process > minimap_pipeline:makeReport    -
[-        ] process > minimap_pipeline:output_res... -
Minimap2 pipeline.
Preparing databases.
Using default taxonomy database.
Using a default database.

[-        ] process > fastcat                        [  0%] 0 of 1
[-        ] process > prepare_databases:download_... [  0%] 0 of 1
[-        ] process > prepare_databases:download_... [  0%] 0 of 1
[-        ] process > minimap_pipeline:run_common... [  0%] 0 of 1
[-        ] process > minimap_pipeline:run_common... [  0%] 0 of 1
[-        ] process > minimap_pipeline:minimap       -
[-        ] process > minimap_pipeline:createAbun... -
[-        ] process > minimap_pipeline:makeReport    -
[-        ] process > minimap_pipeline:output_res... -
Minimap2 pipeline.
Preparing databases.
Using default taxonomy database.
Using a default database.

executor >  slurm (1)
[-        ] process > fastcat                        [  0%] 0 of 1
[-        ] process > prepare_databases:download_... [  0%] 0 of 1
[-        ] process > prepare_databases:download_... [  0%] 0 of 1
[32/7ca7c0] process > minimap_pipeline:run_common... [  0%] 0 of 1
[-        ] process > minimap_pipeline:run_common... [  0%] 0 of 1
[-        ] process > minimap_pipeline:minimap       -
[-        ] process > minimap_pipeline:createAbun... -
[-        ] process > minimap_pipeline:makeReport    -
[-        ] process > minimap_pipeline:output_res... -
Minimap2 pipeline.
Preparing databases.
Using default taxonomy database.
Using a default database.

executor >  slurm (2)
[-        ] process > fastcat                        [  0%] 0 of 1
[-        ] process > prepare_databases:download_... [  0%] 0 of 1
[b1/474e81] process > prepare_databases:download_... [  0%] 0 of 1
[32/7ca7c0] process > minimap_pipeline:run_common... [  0%] 0 of 1
[-        ] process > minimap_pipeline:run_common... [  0%] 0 of 1
[-        ] process > minimap_pipeline:minimap       -
[-        ] process > minimap_pipeline:createAbun... -
[-        ] process > minimap_pipeline:makeReport    -
[-        ] process > minimap_pipeline:output_res... -
Minimap2 pipeline.
Preparing databases.
Using default taxonomy database.
Using a default database.

executor >  slurm (3)
[40/381fe4] process > fastcat (1)                    [  0%] 0 of 1
[-        ] process > prepare_databases:download_... [  0%] 0 of 1
[b1/474e81] process > prepare_databases:download_... [  0%] 0 of 1
[32/7ca7c0] process > minimap_pipeline:run_common... [  0%] 0 of 1
[-        ] process > minimap_pipeline:run_common... [  0%] 0 of 1
[-        ] process > minimap_pipeline:minimap       -
[-        ] process > minimap_pipeline:createAbun... -
[-        ] process > minimap_pipeline:makeReport    -
[-        ] process > minimap_pipeline:output_res... -
Minimap2 pipeline.
Preparing databases.
Using default taxonomy database.
Using a default database.

executor >  slurm (4)
[40/381fe4] process > fastcat (1)                    [  0%] 0 of 1
[-        ] process > prepare_databases:download_... [  0%] 0 of 1
[b1/474e81] process > prepare_databases:download_... [  0%] 0 of 1
[32/7ca7c0] process > minimap_pipeline:run_common... [  0%] 0 of 1
[ce/bc5f51] process > minimap_pipeline:run_common... [  0%] 0 of 1
[-        ] process > minimap_pipeline:minimap       -
[-        ] process > minimap_pipeline:createAbun... -
[-        ] process > minimap_pipeline:makeReport    -
[-        ] process > minimap_pipeline:output_res... -
Minimap2 pipeline.
Preparing databases.
Using default taxonomy database.
Using a default database.

executor >  slurm (5)
[40/381fe4] process > fastcat (1)                    [  0%] 0 of 1
[89/0c2934] process > prepare_databases:download_... [  0%] 0 of 1
[b1/474e81] process > prepare_databases:download_... [  0%] 0 of 1
[32/7ca7c0] process > minimap_pipeline:run_common... [  0%] 0 of 1
[ce/bc5f51] process > minimap_pipeline:run_common... [  0%] 0 of 1
[-        ] process > minimap_pipeline:minimap       -
[-        ] process > minimap_pipeline:createAbun... -
[-        ] process > minimap_pipeline:makeReport    -
[-        ] process > minimap_pipeline:output_res... -
Minimap2 pipeline.
Preparing databases.
Using default taxonomy database.
Using a default database.

executor >  slurm (5)
[40/381fe4] process > fastcat (1)                    [  0%] 0 of 1
[89/0c2934] process > prepare_databases:download_... [  0%] 0 of 1
[b1/474e81] process > prepare_databases:download_... [  0%] 0 of 1
[32/7ca7c0] process > minimap_pipeline:run_common... [  0%] 0 of 1
[ce/bc5f51] process > minimap_pipeline:run_common... [  0%] 0 of 1
[-        ] process > minimap_pipeline:minimap       -
[-        ] process > minimap_pipeline:createAbun... -
[-        ] process > minimap_pipeline:makeReport    -
[-        ] process > minimap_pipeline:output_res... -
Minimap2 pipeline.
Preparing databases.
Using default taxonomy database.
Using a default database.

executor >  slurm (5)
[40/381fe4] process > fastcat (1)                    [  0%] 0 of 1
[89/0c2934] process > prepare_databases:download_... [  0%] 0 of 1
[b1/474e81] process > prepare_databases:download_... [  0%] 0 of 1
[32/7ca7c0] process > minimap_pipeline:run_common... [  0%] 0 of 1
[ce/bc5f51] process > minimap_pipeline:run_common... [  0%] 0 of 1
[-        ] process > minimap_pipeline:minimap       -
[-        ] process > minimap_pipeline:createAbun... -
[-        ] process > minimap_pipeline:makeReport    -
[-        ] process > minimap_pipeline:output_res... -
Minimap2 pipeline.
Preparing databases.
Using default taxonomy database.
Using a default database.

executor >  slurm (5)
[40/381fe4] process > fastcat (1)                    [  0%] 0 of 1
[89/0c2934] process > prepare_databases:download_... [  0%] 0 of 1
[b1/474e81] process > prepare_databases:download_... [  0%] 0 of 1
[32/7ca7c0] process > minimap_pipeline:run_common... [100%] 1 of 1 ✔
[ce/bc5f51] process > minimap_pipeline:run_common... [  0%] 0 of 1
[-        ] process > minimap_pipeline:minimap       -
[-        ] process > minimap_pipeline:createAbun... -
[-        ] process > minimap_pipeline:makeReport    -
[-        ] process > minimap_pipeline:output_res... [  0%] 0 of 1





executor >  slurm (5)
[40/381fe4] process > fastcat (1)                    [  0%] 0 of 1
[89/0c2934] process > prepare_databases:download_... [  0%] 0 of 1
[b1/474e81] process > prepare_databases:download_... [  0%] 0 of 1
[32/7ca7c0] process > minimap_pipeline:run_common... [100%] 1 of 1 ✔
[ce/bc5f51] process > minimap_pipeline:run_common... [  0%] 0 of 1
[-        ] process > minimap_pipeline:minimap       -
[-        ] process > minimap_pipeline:createAbun... -
[-        ] process > minimap_pipeline:makeReport    -
[-        ] process > minimap_pipeline:output_res... [  0%] 0 of 1
ERROR ~ Error executing process > 'prepare_databases:download_reference_ref2taxid'

Caused by:
  Missing output file(s) `ncbi_16s_18s_28s_ITS_db/ncbi_16s_18s_28s_ITS.fna` expected by process `prepare_databases:download_reference_ref2taxid`

Command executed:

  wget 'https://ont-exd-int-s3-euwst1-epi2me-labs.s3.amazonaws.com/wf-metagenomics/ncbi_16s_18s_28s_ITS/ncbi_16s_18s_28s_ITS.fna'
  wget 'https://ont-exd-int-s3-euwst1-epi2me-labs.s3.amazonaws.com/wf-metagenomics/ncbi_16s_18s_28s_ITS/ref2taxid.ncbi_16s_18s_28s_ITS.tsv'
  mkdir ncbi_16s_18s_28s_ITS_db
  mv "ncbi_16s_18s_28s_ITS.fna" ncbi_16s_18s_28s_ITS_db/
  mv "ref2taxid.ncbi_16s_18s_28s_ITS.tsv" ncbi_16s_18s_28s_ITS_db/

Command exit status:
  0

Command output:
  (empty)

Command error:
   65250K .......... .......... .......... .......... .......... 98%  177M 0s
   65300K .......... .......... .......... .......... .......... 98%  272M 0s
   65350K .......... .......... .......... .......... .......... 99%  213M 0s
   65400K .......... .......... .......... .......... .......... 99%  270M 0s
   65450K .......... .......... .......... .......... .......... 99%  271M 0s
   65500K .......... .......... .......... .......... .......... 99%  259M 0s
   65550K .......... .......... .......... .......... .......... 99%  242M 0s
   65600K .......... .......... .......... .......... .......... 99%  247M 0s
   65650K .......... .......... .......... .......... .......... 99%  274M 0s
   65700K .......... .......... .......... .......... .......... 99%  267M 0s
   65750K .......... .......... .......... .......... .......... 99% 1.14M 0s
   65800K .......... .......... .......... .......... .......... 99% 30.3M 0s
   65850K .......... .......... .......... .......... .......... 99% 43.0M 0s
   65900K .......... .......... .......... .......... .......... 99% 64.4M 0s
   65950K .......... .......... .......... .......... .......... 99% 57.2M 0s
   66000K .......... ..                                         100% 66.1M=3.7s
  
  2024-04-19 13:20:43 (17.5 MB/s) - 'ncbi_16s_18s_28s_ITS.fna' saved [67596916/67596916]
  
  --2024-04-19 13:20:43--  https://ont-exd-int-s3-euwst1-epi2me-labs.s3.amazonaws.com/wf-metagenomics/ncbi_16s_18s_28s_ITS/ref2taxid.ncbi_16s_18s_28s_ITS.tsv
  Resolving ont-exd-int-s3-euwst1-epi2me-labs.s3.amazonaws.com (ont-exd-int-s3-euwst1-epi2me-labs.s3.amazonaws.com)... 52.92.18.233, 52.218.85.50, 52.218.26.138, ...
  Connecting to ont-exd-int-s3-euwst1-epi2me-labs.s3.amazonaws.com (ont-exd-int-s3-euwst1-epi2me-labs.s3.amazonaws.com)|52.92.18.233|:443... connected.
  HTTP request sent, awaiting response... 200 OK
  Length: 1068210 (1.0M) [text/tab-separated-values]
  Saving to: 'ref2taxid.ncbi_16s_18s_28s_ITS.tsv'
  
       0K .......... .......... .......... .......... ..........  4%  855K 1s
      50K .......... .......... .......... .......... ..........  9%  255K 2s
     100K .......... .......... .......... .......... .......... 14%  507K 2s
     150K .......... .......... .......... .......... .......... 19% 69.4M 1s
     200K .......... .......... .......... .......... .......... 23%  511K 1s
     250K .......... .......... .......... .......... .......... 28% 28.3M 1s
     300K .......... .......... .......... .......... .......... 33% 34.4M 1s
     350K .......... .......... .......... .......... .......... 38%  110M 1s
     400K .......... .......... .......... .......... .......... 43%  528K 1s
     450K .......... .......... .......... .......... .......... 47% 85.3M 1s
     500K .......... .......... .......... .......... .......... 52% 91.5M 0s
     550K .......... .......... .......... .......... .......... 57%  102M 0s
     600K .......... .......... .......... .......... .......... 62%  110M 0s
     650K .......... .......... .......... .......... .......... 67%  107M 0s
     700K .......... .......... .......... .......... .......... 71%  105M 0s
     750K .......... .......... .......... .......... .......... 76%  107M 0s
     800K .......... .......... .......... .......... .......... 81%  114M 0s
     850K .......... .......... .......... .......... .......... 86%  530K 0s
     900K .......... .......... .......... .......... .......... 91%  290M 0s
     950K .......... .......... .......... .......... .......... 95%  273M 0s
    1000K .......... .......... .......... .......... ...       100%  315M=0.6s
  
  2024-04-19 13:20:44 (1.57 MB/s) - 'ref2taxid.ncbi_16s_18s_28s_ITS.tsv' saved [1068210/1068210]

Work dir:
  /work/yk132/CAFO_Nanopore_work/nf_working/b1/474e817ae02fd245c558aff29bdde6

Tip: you can replicate the issue by changing to the process work dir and entering the command `bash .command.run`

 -- Check '.nextflow.log' file for details

executor >  slurm (6)
[40/381fe4] process > fastcat (1)                    [  0%] 0 of 1
[89/0c2934] process > prepare_databases:download_... [  0%] 0 of 1
[b1/474e81] process > prepare_databases:download_... [100%] 1 of 1, failed: 1 ✘
[32/7ca7c0] process > minimap_pipeline:run_common... [100%] 1 of 1 ✔
[ce/bc5f51] process > minimap_pipeline:run_common... [  0%] 0 of 1
[-        ] process > minimap_pipeline:minimap       -
[-        ] process > minimap_pipeline:createAbun... -
[-        ] process > minimap_pipeline:makeReport    -
[d5/c70efe] process > minimap_pipeline:output_res... [  0%] 0 of 1
ERROR ~ Error executing process > 'prepare_databases:download_reference_ref2taxid'

Caused by:
  Missing output file(s) `ncbi_16s_18s_28s_ITS_db/ncbi_16s_18s_28s_ITS.fna` expected by process `prepare_databases:download_reference_ref2taxid`

Command executed:

  wget 'https://ont-exd-int-s3-euwst1-epi2me-labs.s3.amazonaws.com/wf-metagenomics/ncbi_16s_18s_28s_ITS/ncbi_16s_18s_28s_ITS.fna'
  wget 'https://ont-exd-int-s3-euwst1-epi2me-labs.s3.amazonaws.com/wf-metagenomics/ncbi_16s_18s_28s_ITS/ref2taxid.ncbi_16s_18s_28s_ITS.tsv'
  mkdir ncbi_16s_18s_28s_ITS_db
  mv "ncbi_16s_18s_28s_ITS.fna" ncbi_16s_18s_28s_ITS_db/
  mv "ref2taxid.ncbi_16s_18s_28s_ITS.tsv" ncbi_16s_18s_28s_ITS_db/

Command exit status:
  0

Command output:
  (empty)

Command error:
   65250K .......... .......... .......... .......... .......... 98%  177M 0s
   65300K .......... .......... .......... .......... .......... 98%  272M 0s
   65350K .......... .......... .......... .......... .......... 99%  213M 0s
   65400K .......... .......... .......... .......... .......... 99%  270M 0s
   65450K .......... .......... .......... .......... .......... 99%  271M 0s
   65500K .......... .......... .......... .......... .......... 99%  259M 0s
   65550K .......... .......... .......... .......... .......... 99%  242M 0s
   65600K .......... .......... .......... .......... .......... 99%  247M 0s
   65650K .......... .......... .......... .......... .......... 99%  274M 0s
   65700K .......... .......... .......... .......... .......... 99%  267M 0s
   65750K .......... .......... .......... .......... .......... 99% 1.14M 0s
   65800K .......... .......... .......... .......... .......... 99% 30.3M 0s
   65850K .......... .......... .......... .......... .......... 99% 43.0M 0s
   65900K .......... .......... .......... .......... .......... 99% 64.4M 0s
   65950K .......... .......... .......... .......... .......... 99% 57.2M 0s
   66000K .......... ..                                         100% 66.1M=3.7s
  
  2024-04-19 13:20:43 (17.5 MB/s) - 'ncbi_16s_18s_28s_ITS.fna' saved [67596916/67596916]
  
  --2024-04-19 13:20:43--  https://ont-exd-int-s3-euwst1-epi2me-labs.s3.amazonaws.com/wf-metagenomics/ncbi_16s_18s_28s_ITS/ref2taxid.ncbi_16s_18s_28s_ITS.tsv
  Resolving ont-exd-int-s3-euwst1-epi2me-labs.s3.amazonaws.com (ont-exd-int-s3-euwst1-epi2me-labs.s3.amazonaws.com)... 52.92.18.233, 52.218.85.50, 52.218.26.138, ...
  Connecting to ont-exd-int-s3-euwst1-epi2me-labs.s3.amazonaws.com (ont-exd-int-s3-euwst1-epi2me-labs.s3.amazonaws.com)|52.92.18.233|:443... connected.
  HTTP request sent, awaiting response... 200 OK
  Length: 1068210 (1.0M) [text/tab-separated-values]
  Saving to: 'ref2taxid.ncbi_16s_18s_28s_ITS.tsv'
  
       0K .......... .......... .......... .......... ..........  4%  855K 1s
      50K .......... .......... .......... .......... ..........  9%  255K 2s
     100K .......... .......... .......... .......... .......... 14%  507K 2s
     150K .......... .......... .......... .......... .......... 19% 69.4M 1s
     200K .......... .......... .......... .......... .......... 23%  511K 1s
     250K .......... .......... .......... .......... .......... 28% 28.3M 1s
     300K .......... .......... .......... .......... .......... 33% 34.4M 1s
     350K .......... .......... .......... .......... .......... 38%  110M 1s
     400K .......... .......... .......... .......... .......... 43%  528K 1s
     450K .......... .......... .......... .......... .......... 47% 85.3M 1s
     500K .......... .......... .......... .......... .......... 52% 91.5M 0s
     550K .......... .......... .......... .......... .......... 57%  102M 0s
     600K .......... .......... .......... .......... .......... 62%  110M 0s
     650K .......... .......... .......... .......... .......... 67%  107M 0s
     700K .......... .......... .......... .......... .......... 71%  105M 0s
     750K .......... .......... .......... .......... .......... 76%  107M 0s
     800K .......... .......... .......... .......... .......... 81%  114M 0s
     850K .......... .......... .......... .......... .......... 86%  530K 0s
     900K .......... .......... .......... .......... .......... 91%  290M 0s
     950K .......... .......... .......... .......... .......... 95%  273M 0s
    1000K .......... .......... .......... .......... ...       100%  315M=0.6s
  
  2024-04-19 13:20:44 (1.57 MB/s) - 'ref2taxid.ncbi_16s_18s_28s_ITS.tsv' saved [1068210/1068210]

Work dir:
  /work/yk132/CAFO_Nanopore_work/nf_working/b1/474e817ae02fd245c558aff29bdde6

Tip: you can replicate the issue by changing to the process work dir and entering the command `bash .command.run`

 -- Check '.nextflow.log' file for details

executor >  slurm (6)
[40/381fe4] process > fastcat (1)                    [  0%] 0 of 1
[89/0c2934] process > prepare_databases:download_... [  0%] 0 of 1
[b1/474e81] process > prepare_databases:download_... [100%] 1 of 1, failed: 1 ✘
[32/7ca7c0] process > minimap_pipeline:run_common... [100%] 1 of 1 ✔
[ce/bc5f51] process > minimap_pipeline:run_common... [  0%] 0 of 1
[-        ] process > minimap_pipeline:minimap       -
[-        ] process > minimap_pipeline:createAbun... -
[-        ] process > minimap_pipeline:makeReport    -
[d5/c70efe] process > minimap_pipeline:output_res... [  0%] 0 of 1
ERROR ~ Error executing process > 'prepare_databases:download_reference_ref2taxid'

Caused by:
  Missing output file(s) `ncbi_16s_18s_28s_ITS_db/ncbi_16s_18s_28s_ITS.fna` expected by process `prepare_databases:download_reference_ref2taxid`

Command executed:

  wget 'https://ont-exd-int-s3-euwst1-epi2me-labs.s3.amazonaws.com/wf-metagenomics/ncbi_16s_18s_28s_ITS/ncbi_16s_18s_28s_ITS.fna'
  wget 'https://ont-exd-int-s3-euwst1-epi2me-labs.s3.amazonaws.com/wf-metagenomics/ncbi_16s_18s_28s_ITS/ref2taxid.ncbi_16s_18s_28s_ITS.tsv'
  mkdir ncbi_16s_18s_28s_ITS_db
  mv "ncbi_16s_18s_28s_ITS.fna" ncbi_16s_18s_28s_ITS_db/
  mv "ref2taxid.ncbi_16s_18s_28s_ITS.tsv" ncbi_16s_18s_28s_ITS_db/

Command exit status:
  0

Command output:
  (empty)

Command error:
   65250K .......... .......... .......... .......... .......... 98%  177M 0s
   65300K .......... .......... .......... .......... .......... 98%  272M 0s
   65350K .......... .......... .......... .......... .......... 99%  213M 0s
   65400K .......... .......... .......... .......... .......... 99%  270M 0s
   65450K .......... .......... .......... .......... .......... 99%  271M 0s
   65500K .......... .......... .......... .......... .......... 99%  259M 0s
   65550K .......... .......... .......... .......... .......... 99%  242M 0s
   65600K .......... .......... .......... .......... .......... 99%  247M 0s
   65650K .......... .......... .......... .......... .......... 99%  274M 0s
   65700K .......... .......... .......... .......... .......... 99%  267M 0s
   65750K .......... .......... .......... .......... .......... 99% 1.14M 0s
   65800K .......... .......... .......... .......... .......... 99% 30.3M 0s
   65850K .......... .......... .......... .......... .......... 99% 43.0M 0s
   65900K .......... .......... .......... .......... .......... 99% 64.4M 0s
   65950K .......... .......... .......... .......... .......... 99% 57.2M 0s
   66000K .......... ..                                         100% 66.1M=3.7s
  
  2024-04-19 13:20:43 (17.5 MB/s) - 'ncbi_16s_18s_28s_ITS.fna' saved [67596916/67596916]
  
  --2024-04-19 13:20:43--  https://ont-exd-int-s3-euwst1-epi2me-labs.s3.amazonaws.com/wf-metagenomics/ncbi_16s_18s_28s_ITS/ref2taxid.ncbi_16s_18s_28s_ITS.tsv
  Resolving ont-exd-int-s3-euwst1-epi2me-labs.s3.amazonaws.com (ont-exd-int-s3-euwst1-epi2me-labs.s3.amazonaws.com)... 52.92.18.233, 52.218.85.50, 52.218.26.138, ...
  Connecting to ont-exd-int-s3-euwst1-epi2me-labs.s3.amazonaws.com (ont-exd-int-s3-euwst1-epi2me-labs.s3.amazonaws.com)|52.92.18.233|:443... connected.
  HTTP request sent, awaiting response... 200 OK
  Length: 1068210 (1.0M) [text/tab-separated-values]
  Saving to: 'ref2taxid.ncbi_16s_18s_28s_ITS.tsv'
  
       0K .......... .......... .......... .......... ..........  4%  855K 1s
      50K .......... .......... .......... .......... ..........  9%  255K 2s
     100K .......... .......... .......... .......... .......... 14%  507K 2s
     150K .......... .......... .......... .......... .......... 19% 69.4M 1s
     200K .......... .......... .......... .......... .......... 23%  511K 1s
     250K .......... .......... .......... .......... .......... 28% 28.3M 1s
     300K .......... .......... .......... .......... .......... 33% 34.4M 1s
     350K .......... .......... .......... .......... .......... 38%  110M 1s
     400K .......... .......... .......... .......... .......... 43%  528K 1s
     450K .......... .......... .......... .......... .......... 47% 85.3M 1s
     500K .......... .......... .......... .......... .......... 52% 91.5M 0s
     550K .......... .......... .......... .......... .......... 57%  102M 0s
     600K .......... .......... .......... .......... .......... 62%  110M 0s
     650K .......... .......... .......... .......... .......... 67%  107M 0s
     700K .......... .......... .......... .......... .......... 71%  105M 0s
     750K .......... .......... .......... .......... .......... 76%  107M 0s
     800K .......... .......... .......... .......... .......... 81%  114M 0s
     850K .......... .......... .......... .......... .......... 86%  530K 0s
     900K .......... .......... .......... .......... .......... 91%  290M 0s
     950K .......... .......... .......... .......... .......... 95%  273M 0s
    1000K .......... .......... .......... .......... ...       100%  315M=0.6s
  
  2024-04-19 13:20:44 (1.57 MB/s) - 'ref2taxid.ncbi_16s_18s_28s_ITS.tsv' saved [1068210/1068210]

Work dir:
  /work/yk132/CAFO_Nanopore_work/nf_working/b1/474e817ae02fd245c558aff29bdde6

Tip: you can replicate the issue by changing to the process work dir and entering the command `bash .command.run`

 -- Check '.nextflow.log' file for details
WARN: Killing running tasks (3)

