Checking epi2me-labs/wf-metagenomics/ ...
 Already-up-to-date - revision: 671dff2342 [master]
N E X T F L O W  ~  version 23.04.3
Launching `https://github.com/epi2me-labs/wf-metagenomics` [backstabbing_pauling] DSL2 - revision: 671dff2342 [master]
WARN: NEXTFLOW RECURSION IS A PREVIEW FEATURE - SYNTAX AND FUNCTIONALITY CAN CHANGE IN FUTURE RELEASES

||||||||||   _____ ____ ___ ____  __  __ _____      _       _
||||||||||  | ____|  _ \_ _|___ \|  \/  | ____|    | | __ _| |__  ___
|||||       |  _| | |_) | |  __) | |\/| |  _| _____| |/ _` | '_ \/ __|
|||||       | |___|  __/| | / __/| |  | | |__|_____| | (_| | |_) \__ \
||||||||||  |_____|_|  |___|_____|_|  |_|_____|    |_|\__,_|_.__/|___/
||||||||||  wf-metagenomics v2.10.0-g671dff2
--------------------------------------------------------------------------------
Core Nextflow options
  revision       : master
  runName        : backstabbing_pauling
  containerEngine: singularity
  launchDir      : /hpc/group/gunschlab/yk132/storage/20230908_Dust_Redo_R9/CAFO_Nanopore_clean
  workDir        : /work/yk132/CAFO_Nanopore_work/nf_working
  projectDir     : /hpc/home/yk132/.nextflow/assets/epi2me-labs/wf-metagenomics
  userName       : yk132
  profile        : singularity
  configFiles    : /hpc/home/yk132/.nextflow/assets/epi2me-labs/wf-metagenomics/nextflow.config, /hpc/group/gunschlab/yk132/storage/20230908_Dust_Redo_R9/CAFO_Nanopore_clean/nextflow.config, /hpc/group/gunschlab/yk132/storage/20230908_Dust_Redo_R9/CAFO_Nanopore_clean/./nextflow.config

Input Options
  bam            : /hpc/home/yk132/storage/20230908_Dust_Redo_R9/Outputs/Job9_Minimap/barcode01_alignment.bam
  classifier     : minimap2

Reference Options
  database_set   : ncbi_16s_18s_28s_ITS
  store_dir      : /hpc/home/yk132/storage/20230908_Dust_Redo_R9/Outputs/Job8_db
  database_sets  : [ncbi_16s_18s:[reference:https://ont-exd-int-s3-euwst1-epi2me-labs.s3.amazonaws.com/wf-metagenomics/ncbi_16s_18s/ncbi_targeted_loci_16s_18s.fna, database:https://ont-exd-int-s3-euwst1-epi2me-labs.s3.amazonaws.com/wf-metagenomics/ncbi_16s_18s/ncbi_targeted_loci_kraken2.tar.gz, ref2taxid:https://ont-exd-int-s3-euwst1-epi2me-labs.s3.amazonaws.com/wf-metagenomics/ncbi_16s_18s/ref2taxid.targloci.tsv, taxonomy:https://ftp.ncbi.nlm.nih.gov/pub/taxonomy/taxdump_archive/taxdmp_2023-01-01.zip], ncbi_16s_18s_28s_ITS:[reference:https://ont-exd-int-s3-euwst1-epi2me-labs.s3.amazonaws.com/wf-metagenomics/ncbi_16s_18s_28s_ITS/ncbi_16s_18s_28s_ITS.fna, database:https://ont-exd-int-s3-euwst1-epi2me-labs.s3.amazonaws.com/wf-metagenomics/ncbi_16s_18s_28s_ITS/ncbi_16s_18s_28s_ITS_kraken2.tar.gz, ref2taxid:https://ont-exd-int-s3-euwst1-epi2me-labs.s3.amazonaws.com/wf-metagenomics/ncbi_16s_18s_28s_ITS/ref2taxid.ncbi_16s_18s_28s_ITS.tsv, taxonomy:https://ftp.ncbi.nlm.nih.gov/pub/taxonomy/taxdump_archive/taxdmp_2023-01-01.zip], SILVA_138_1:[database:null], Standard-8:[database:https://genome-idx.s3.amazonaws.com/kraken/k2_standard_08gb_20231009.tar.gz, taxonomy:https://ftp.ncbi.nlm.nih.gov/pub/taxonomy/taxdump_archive/new_taxdump_2023-03-01.zip], PlusPF-8:[database:https://genome-idx.s3.amazonaws.com/kraken/k2_pluspf_08gb_20230314.tar.gz, taxonomy:https://ftp.ncbi.nlm.nih.gov/pub/taxonomy/taxdump_archive/new_taxdump_2023-03-01.zip], PlusPFP-8:[database:https://genome-idx.s3.amazonaws.com/kraken/k2_pluspfp_08gb_20230314.tar.gz, taxonomy:https://ftp.ncbi.nlm.nih.gov/pub/taxonomy/taxdump_archive/new_taxdump_2023-03-01.zip]]

Output Options
  out_dir        : /hpc/home/yk132/storage/20230908_Dust_Redo_R9/Outputs/Job10_bam_to_tsv/res_barcode01

Advanced Options
  min_len        : 50
  threads        : 40

!! Only displaying parameters that differ from the pipeline defaults !!
--------------------------------------------------------------------------------
If you use epi2me-labs/wf-metagenomics for your analysis please cite:

* The nf-core framework
  https://doi.org/10.1038/s41587-020-0439-x


--------------------------------------------------------------------------------
This is epi2me-labs/wf-metagenomics v2.10.0-g671dff2.
--------------------------------------------------------------------------------
Checking inputs.
Searching input for [.bam, .ubam] files.
[-        ] process > checkBamHeaders                -
[-        ] process > fastcat                        -
[-        ] process > prepare_databases:download_... -
[-        ] process > prepare_databases:download_... -
[-        ] process > minimap_pipeline:run_common... -
[-        ] process > minimap_pipeline:run_common... -
[-        ] process > minimap_pipeline:minimap       -
[-        ] process > minimap_pipeline:createAbun... -
[-        ] process > minimap_pipeline:makeReport    -
[-        ] process > minimap_pipeline:output_res... -
Note: Empty files or those files whose reads have been discarded after filtering based on read length and/or read quality will not appear in the report and will be excluded from subsequent analysis.
Minimap2 pipeline.
Preparing databases.
Using default taxonomy database.
Using a default database.

executor >  slurm (1)
[-        ] process > checkBamHeaders                [  0%] 0 of 1
[-        ] process > fastcat                        -
[skipped  ] process > prepare_databases:download_... [100%] 1 of 1, stored: 1 ✔
[skipped  ] process > prepare_databases:download_... [100%] 1 of 1, stored: 1 ✔
[-        ] process > minimap_pipeline:run_common... [  0%] 0 of 1
[50/79e457] process > minimap_pipeline:run_common... [  0%] 0 of 1
[-        ] process > minimap_pipeline:minimap       -
[-        ] process > minimap_pipeline:createAbun... -
[-        ] process > minimap_pipeline:makeReport    -
[-        ] process > minimap_pipeline:output_res... -
Note: Empty files or those files whose reads have been discarded after filtering based on read length and/or read quality will not appear in the report and will be excluded from subsequent analysis.
Minimap2 pipeline.
Preparing databases.
Using default taxonomy database.
Using a default database.
[skipping] Stored process > prepare_databases:download_unpack_taxonomy
[skipping] Stored process > prepare_databases:download_reference_ref2taxid

executor >  slurm (2)
[-        ] process > checkBamHeaders                [  0%] 0 of 1
[-        ] process > fastcat                        -
[skipped  ] process > prepare_databases:download_... [100%] 1 of 1, stored: 1 ✔
[skipped  ] process > prepare_databases:download_... [100%] 1 of 1, stored: 1 ✔
[90/c9e161] process > minimap_pipeline:run_common... [  0%] 0 of 1
[50/79e457] process > minimap_pipeline:run_common... [  0%] 0 of 1
[-        ] process > minimap_pipeline:minimap       -
[-        ] process > minimap_pipeline:createAbun... -
[-        ] process > minimap_pipeline:makeReport    -
[-        ] process > minimap_pipeline:output_res... -
Note: Empty files or those files whose reads have been discarded after filtering based on read length and/or read quality will not appear in the report and will be excluded from subsequent analysis.
Minimap2 pipeline.
Preparing databases.
Using default taxonomy database.
Using a default database.
[skipping] Stored process > prepare_databases:download_unpack_taxonomy
[skipping] Stored process > prepare_databases:download_reference_ref2taxid

executor >  slurm (3)
[f8/db1860] process > checkBamHeaders (1)            [  0%] 0 of 1
[-        ] process > fastcat                        -
[skipped  ] process > prepare_databases:download_... [100%] 1 of 1, stored: 1 ✔
[skipped  ] process > prepare_databases:download_... [100%] 1 of 1, stored: 1 ✔
[90/c9e161] process > minimap_pipeline:run_common... [  0%] 0 of 1
[50/79e457] process > minimap_pipeline:run_common... [  0%] 0 of 1
[-        ] process > minimap_pipeline:minimap       -
[-        ] process > minimap_pipeline:createAbun... -
[-        ] process > minimap_pipeline:makeReport    -
[-        ] process > minimap_pipeline:output_res... -
Note: Empty files or those files whose reads have been discarded after filtering based on read length and/or read quality will not appear in the report and will be excluded from subsequent analysis.
Minimap2 pipeline.
Preparing databases.
Using default taxonomy database.
Using a default database.
[skipping] Stored process > prepare_databases:download_unpack_taxonomy
[skipping] Stored process > prepare_databases:download_reference_ref2taxid

executor >  slurm (3)
[f8/db1860] process > checkBamHeaders (1)            [  0%] 0 of 1
[-        ] process > fastcat                        -
[skipped  ] process > prepare_databases:download_... [100%] 1 of 1, stored: 1 ✔
[skipped  ] process > prepare_databases:download_... [100%] 1 of 1, stored: 1 ✔
[90/c9e161] process > minimap_pipeline:run_common... [  0%] 0 of 1
[50/79e457] process > minimap_pipeline:run_common... [  0%] 0 of 1
[-        ] process > minimap_pipeline:minimap       -
[-        ] process > minimap_pipeline:createAbun... -
[-        ] process > minimap_pipeline:makeReport    -
[-        ] process > minimap_pipeline:output_res... -
Note: Empty files or those files whose reads have been discarded after filtering based on read length and/or read quality will not appear in the report and will be excluded from subsequent analysis.
Minimap2 pipeline.
Preparing databases.
Using default taxonomy database.
Using a default database.
[skipping] Stored process > prepare_databases:download_unpack_taxonomy
[skipping] Stored process > prepare_databases:download_reference_ref2taxid

executor >  slurm (3)
[f8/db1860] process > checkBamHeaders (1)            [  0%] 0 of 1
[-        ] process > fastcat                        -
[skipped  ] process > prepare_databases:download_... [100%] 1 of 1, stored: 1 ✔
[skipped  ] process > prepare_databases:download_... [100%] 1 of 1, stored: 1 ✔
[90/c9e161] process > minimap_pipeline:run_common... [  0%] 0 of 1
[50/79e457] process > minimap_pipeline:run_common... [  0%] 0 of 1
[-        ] process > minimap_pipeline:minimap       -
[-        ] process > minimap_pipeline:createAbun... -
[-        ] process > minimap_pipeline:makeReport    -
[-        ] process > minimap_pipeline:output_res... -
Note: Empty files or those files whose reads have been discarded after filtering based on read length and/or read quality will not appear in the report and will be excluded from subsequent analysis.
Minimap2 pipeline.
Preparing databases.
Using default taxonomy database.
Using a default database.
[skipping] Stored process > prepare_databases:download_unpack_taxonomy
[skipping] Stored process > prepare_databases:download_reference_ref2taxid

executor >  slurm (3)
[f8/db1860] process > checkBamHeaders (1)            [  0%] 0 of 1
[-        ] process > fastcat                        -
[skipped  ] process > prepare_databases:download_... [100%] 1 of 1, stored: 1 ✔
[skipped  ] process > prepare_databases:download_... [100%] 1 of 1, stored: 1 ✔
[90/c9e161] process > minimap_pipeline:run_common... [  0%] 0 of 1
[50/79e457] process > minimap_pipeline:run_common... [100%] 1 of 1 ✔
[-        ] process > minimap_pipeline:minimap       -
[-        ] process > minimap_pipeline:createAbun... -
[-        ] process > minimap_pipeline:makeReport    -
[-        ] process > minimap_pipeline:output_res... [  0%] 0 of 1
Note: Empty files or those files whose reads have been discarded after filtering based on read length and/or read quality will not appear in the report and will be excluded from subsequent analysis.
Minimap2 pipeline.
Preparing databases.
Using default taxonomy database.
Using a default database.
[skipping] Stored process > prepare_databases:download_unpack_taxonomy
[skipping] Stored process > prepare_databases:download_reference_ref2taxid

executor >  slurm (4)
[f8/db1860] process > checkBamHeaders (1)            [  0%] 0 of 1
[-        ] process > fastcat                        -
[skipped  ] process > prepare_databases:download_... [100%] 1 of 1, stored: 1 ✔
[skipped  ] process > prepare_databases:download_... [100%] 1 of 1, stored: 1 ✔
[90/c9e161] process > minimap_pipeline:run_common... [  0%] 0 of 1
[50/79e457] process > minimap_pipeline:run_common... [100%] 1 of 1 ✔
[-        ] process > minimap_pipeline:minimap       -
[-        ] process > minimap_pipeline:createAbun... -
[-        ] process > minimap_pipeline:makeReport    -
[6c/055ff4] process > minimap_pipeline:output_res... [  0%] 0 of 1
Note: Empty files or those files whose reads have been discarded after filtering based on read length and/or read quality will not appear in the report and will be excluded from subsequent analysis.
Minimap2 pipeline.
Preparing databases.
Using default taxonomy database.
Using a default database.
[skipping] Stored process > prepare_databases:download_unpack_taxonomy
[skipping] Stored process > prepare_databases:download_reference_ref2taxid

executor >  slurm (4)
[f8/db1860] process > checkBamHeaders (1)            [  0%] 0 of 1
[-        ] process > fastcat                        -
[skipped  ] process > prepare_databases:download_... [100%] 1 of 1, stored: 1 ✔
[skipped  ] process > prepare_databases:download_... [100%] 1 of 1, stored: 1 ✔
[90/c9e161] process > minimap_pipeline:run_common... [  0%] 0 of 1
[50/79e457] process > minimap_pipeline:run_common... [100%] 1 of 1 ✔
[-        ] process > minimap_pipeline:minimap       -
[-        ] process > minimap_pipeline:createAbun... -
[-        ] process > minimap_pipeline:makeReport    -
[6c/055ff4] process > minimap_pipeline:output_res... [  0%] 0 of 1
Note: Empty files or those files whose reads have been discarded after filtering based on read length and/or read quality will not appear in the report and will be excluded from subsequent analysis.
Minimap2 pipeline.
Preparing databases.
Using default taxonomy database.
Using a default database.
[skipping] Stored process > prepare_databases:download_unpack_taxonomy
[skipping] Stored process > prepare_databases:download_reference_ref2taxid

executor >  slurm (4)
[f8/db1860] process > checkBamHeaders (1)            [  0%] 0 of 1
[-        ] process > fastcat                        -
[skipped  ] process > prepare_databases:download_... [100%] 1 of 1, stored: 1 ✔
[skipped  ] process > prepare_databases:download_... [100%] 1 of 1, stored: 1 ✔
[90/c9e161] process > minimap_pipeline:run_common... [100%] 1 of 1 ✔
[50/79e457] process > minimap_pipeline:run_common... [100%] 1 of 1 ✔
[-        ] process > minimap_pipeline:minimap       -
[-        ] process > minimap_pipeline:createAbun... -
[-        ] process > minimap_pipeline:makeReport    -
[6c/055ff4] process > minimap_pipeline:output_res... [  0%] 0 of 2








executor >  slurm (5)
[f8/db1860] process > checkBamHeaders (1)            [100%] 1 of 1 ✔
[-        ] process > fastcat                        [  0%] 0 of 1
[skipped  ] process > prepare_databases:download_... [100%] 1 of 1, stored: 1 ✔
[skipped  ] process > prepare_databases:download_... [100%] 1 of 1, stored: 1 ✔
[90/c9e161] process > minimap_pipeline:run_common... [100%] 1 of 1 ✔
[50/79e457] process > minimap_pipeline:run_common... [100%] 1 of 1 ✔
[-        ] process > minimap_pipeline:minimap       -
[-        ] process > minimap_pipeline:createAbun... -
[-        ] process > minimap_pipeline:makeReport    -
[96/c2894f] process > minimap_pipeline:output_res... [  0%] 0 of 2








executor >  slurm (6)
[f8/db1860] process > checkBamHeaders (1)            [100%] 1 of 1 ✔
[65/0e03e8] process > fastcat (1)                    [  0%] 0 of 1
[skipped  ] process > prepare_databases:download_... [100%] 1 of 1, stored: 1 ✔
[skipped  ] process > prepare_databases:download_... [100%] 1 of 1, stored: 1 ✔
[90/c9e161] process > minimap_pipeline:run_common... [100%] 1 of 1 ✔
[50/79e457] process > minimap_pipeline:run_common... [100%] 1 of 1 ✔
[-        ] process > minimap_pipeline:minimap       -
[-        ] process > minimap_pipeline:createAbun... -
[-        ] process > minimap_pipeline:makeReport    -
[96/c2894f] process > minimap_pipeline:output_res... [  0%] 0 of 2

executor >  slurm (6)
[f8/db1860] process > checkBamHeaders (1)            [100%] 1 of 1 ✔
[65/0e03e8] process > fastcat (1)                    [  0%] 0 of 1
[skipped  ] process > prepare_databases:download_... [100%] 1 of 1, stored: 1 ✔
[skipped  ] process > prepare_databases:download_... [100%] 1 of 1, stored: 1 ✔
[90/c9e161] process > minimap_pipeline:run_common... [100%] 1 of 1 ✔
[50/79e457] process > minimap_pipeline:run_common... [100%] 1 of 1 ✔
[-        ] process > minimap_pipeline:minimap       -
[-        ] process > minimap_pipeline:createAbun... -
[-        ] process > minimap_pipeline:makeReport    -
[96/c2894f] process > minimap_pipeline:output_res... [  0%] 0 of 2

executor >  slurm (6)
[f8/db1860] process > checkBamHeaders (1)            [100%] 1 of 1 ✔
[65/0e03e8] process > fastcat (1)                    [  0%] 0 of 1
[skipped  ] process > prepare_databases:download_... [100%] 1 of 1, stored: 1 ✔
[skipped  ] process > prepare_databases:download_... [100%] 1 of 1, stored: 1 ✔
[90/c9e161] process > minimap_pipeline:run_common... [100%] 1 of 1 ✔
[50/79e457] process > minimap_pipeline:run_common... [100%] 1 of 1 ✔
[-        ] process > minimap_pipeline:minimap       -
[-        ] process > minimap_pipeline:createAbun... -
[-        ] process > minimap_pipeline:makeReport    -
[6c/055ff4] process > minimap_pipeline:output_res... [ 50%] 1 of 2

executor >  slurm (6)
[f8/db1860] process > checkBamHeaders (1)            [100%] 1 of 1 ✔
[65/0e03e8] process > fastcat (1)                    [100%] 1 of 1 ✔
[skipped  ] process > prepare_databases:download_... [100%] 1 of 1, stored: 1 ✔
[skipped  ] process > prepare_databases:download_... [100%] 1 of 1, stored: 1 ✔
[90/c9e161] process > minimap_pipeline:run_common... [100%] 1 of 1 ✔
[50/79e457] process > minimap_pipeline:run_common... [100%] 1 of 1 ✔
[-        ] process > minimap_pipeline:minimap       -
[-        ] process > minimap_pipeline:createAbun... -
[-        ] process > minimap_pipeline:makeReport    -
[96/c2894f] process > minimap_pipeline:output_res... [100%] 2 of 2

executor >  slurm (7)
[f8/db1860] process > checkBamHeaders (1)            [100%] 1 of 1 ✔
[65/0e03e8] process > fastcat (1)                    [100%] 1 of 1 ✔
[skipped  ] process > prepare_databases:download_... [100%] 1 of 1, stored: 1 ✔
[skipped  ] process > prepare_databases:download_... [100%] 1 of 1, stored: 1 ✔
[90/c9e161] process > minimap_pipeline:run_common... [100%] 1 of 1 ✔
[50/79e457] process > minimap_pipeline:run_common... [100%] 1 of 1 ✔
[79/548756] process > minimap_pipeline:minimap (b... [  0%] 0 of 1
[-        ] process > minimap_pipeline:createAbun... -
[-        ] process > minimap_pipeline:makeReport    -
[96/c2894f] process > minimap_pipeline:output_res... [100%] 2 of 2

executor >  slurm (7)
[f8/db1860] process > checkBamHeaders (1)            [100%] 1 of 1 ✔
[65/0e03e8] process > fastcat (1)                    [100%] 1 of 1 ✔
[skipped  ] process > prepare_databases:download_... [100%] 1 of 1, stored: 1 ✔
[skipped  ] process > prepare_databases:download_... [100%] 1 of 1, stored: 1 ✔
[90/c9e161] process > minimap_pipeline:run_common... [100%] 1 of 1 ✔
[50/79e457] process > minimap_pipeline:run_common... [100%] 1 of 1 ✔
[79/548756] process > minimap_pipeline:minimap (b... [  0%] 0 of 1
[-        ] process > minimap_pipeline:createAbun... -
[-        ] process > minimap_pipeline:makeReport    -
[96/c2894f] process > minimap_pipeline:output_res... [100%] 2 of 2

executor >  slurm (8)
[f8/db1860] process > checkBamHeaders (1)            [100%] 1 of 1 ✔
[65/0e03e8] process > fastcat (1)                    [100%] 1 of 1 ✔
[skipped  ] process > prepare_databases:download_... [100%] 1 of 1, stored: 1 ✔
[skipped  ] process > prepare_databases:download_... [100%] 1 of 1, stored: 1 ✔
[90/c9e161] process > minimap_pipeline:run_common... [100%] 1 of 1 ✔
[50/79e457] process > minimap_pipeline:run_common... [100%] 1 of 1 ✔
[79/548756] process > minimap_pipeline:minimap (b... [100%] 1 of 1 ✔
[ce/e27c22] process > minimap_pipeline:createAbun... [  0%] 0 of 1
[-        ] process > minimap_pipeline:makeReport    -
[96/c2894f] process > minimap_pipeline:output_res... [100%] 2 of 2

executor >  slurm (8)
[f8/db1860] process > checkBamHeaders (1)            [100%] 1 of 1 ✔
[65/0e03e8] process > fastcat (1)                    [100%] 1 of 1 ✔
[skipped  ] process > prepare_databases:download_... [100%] 1 of 1, stored: 1 ✔
[skipped  ] process > prepare_databases:download_... [100%] 1 of 1, stored: 1 ✔
[90/c9e161] process > minimap_pipeline:run_common... [100%] 1 of 1 ✔
[50/79e457] process > minimap_pipeline:run_common... [100%] 1 of 1 ✔
[79/548756] process > minimap_pipeline:minimap (b... [100%] 1 of 1 ✔
[ce/e27c22] process > minimap_pipeline:createAbun... [  0%] 0 of 1
[-        ] process > minimap_pipeline:makeReport    -
[96/c2894f] process > minimap_pipeline:output_res... [100%] 2 of 2

executor >  slurm (8)
[f8/db1860] process > checkBamHeaders (1)            [100%] 1 of 1 ✔
[65/0e03e8] process > fastcat (1)                    [100%] 1 of 1 ✔
[skipped  ] process > prepare_databases:download_... [100%] 1 of 1, stored: 1 ✔
[skipped  ] process > prepare_databases:download_... [100%] 1 of 1, stored: 1 ✔
[90/c9e161] process > minimap_pipeline:run_common... [100%] 1 of 1 ✔
[50/79e457] process > minimap_pipeline:run_common... [100%] 1 of 1 ✔
[79/548756] process > minimap_pipeline:minimap (b... [100%] 1 of 1 ✔
[ce/e27c22] process > minimap_pipeline:createAbun... [100%] 1 of 1 ✔
[-        ] process > minimap_pipeline:makeReport    -
[96/c2894f] process > minimap_pipeline:output_res... [ 66%] 2 of 3

executor >  slurm (9)
[f8/db1860] process > checkBamHeaders (1)            [100%] 1 of 1 ✔
[65/0e03e8] process > fastcat (1)                    [100%] 1 of 1 ✔
[skipped  ] process > prepare_databases:download_... [100%] 1 of 1, stored: 1 ✔
[skipped  ] process > prepare_databases:download_... [100%] 1 of 1, stored: 1 ✔
[90/c9e161] process > minimap_pipeline:run_common... [100%] 1 of 1 ✔
[50/79e457] process > minimap_pipeline:run_common... [100%] 1 of 1 ✔
[79/548756] process > minimap_pipeline:minimap (b... [100%] 1 of 1 ✔
[ce/e27c22] process > minimap_pipeline:createAbun... [100%] 1 of 1 ✔
[-        ] process > minimap_pipeline:makeReport    [  0%] 0 of 1
[f9/80427e] process > minimap_pipeline:output_res... [ 66%] 2 of 3

executor >  slurm (10)
[f8/db1860] process > checkBamHeaders (1)            [100%] 1 of 1 ✔
[65/0e03e8] process > fastcat (1)                    [100%] 1 of 1 ✔
[skipped  ] process > prepare_databases:download_... [100%] 1 of 1, stored: 1 ✔
[skipped  ] process > prepare_databases:download_... [100%] 1 of 1, stored: 1 ✔
[90/c9e161] process > minimap_pipeline:run_common... [100%] 1 of 1 ✔
[50/79e457] process > minimap_pipeline:run_common... [100%] 1 of 1 ✔
[79/548756] process > minimap_pipeline:minimap (b... [100%] 1 of 1 ✔
[ce/e27c22] process > minimap_pipeline:createAbun... [100%] 1 of 1 ✔
[6e/967309] process > minimap_pipeline:makeReport... [  0%] 0 of 1
[f9/80427e] process > minimap_pipeline:output_res... [ 66%] 2 of 3

executor >  slurm (10)
[f8/db1860] process > checkBamHeaders (1)            [100%] 1 of 1 ✔
[65/0e03e8] process > fastcat (1)                    [100%] 1 of 1 ✔
[skipped  ] process > prepare_databases:download_... [100%] 1 of 1, stored: 1 ✔
[skipped  ] process > prepare_databases:download_... [100%] 1 of 1, stored: 1 ✔
[90/c9e161] process > minimap_pipeline:run_common... [100%] 1 of 1 ✔
[50/79e457] process > minimap_pipeline:run_common... [100%] 1 of 1 ✔
[79/548756] process > minimap_pipeline:minimap (b... [100%] 1 of 1 ✔
[ce/e27c22] process > minimap_pipeline:createAbun... [100%] 1 of 1 ✔
[6e/967309] process > minimap_pipeline:makeReport... [  0%] 0 of 1
[f9/80427e] process > minimap_pipeline:output_res... [ 66%] 2 of 3

executor >  slurm (10)
[f8/db1860] process > checkBamHeaders (1)            [100%] 1 of 1 ✔
[65/0e03e8] process > fastcat (1)                    [100%] 1 of 1 ✔
[skipped  ] process > prepare_databases:download_... [100%] 1 of 1, stored: 1 ✔
[skipped  ] process > prepare_databases:download_... [100%] 1 of 1, stored: 1 ✔
[90/c9e161] process > minimap_pipeline:run_common... [100%] 1 of 1 ✔
[50/79e457] process > minimap_pipeline:run_common... [100%] 1 of 1 ✔
[79/548756] process > minimap_pipeline:minimap (b... [100%] 1 of 1 ✔
[ce/e27c22] process > minimap_pipeline:createAbun... [100%] 1 of 1 ✔
[6e/967309] process > minimap_pipeline:makeReport... [100%] 1 of 1 ✔
[f9/80427e] process > minimap_pipeline:output_res... [ 75%] 3 of 4

executor >  slurm (11)
[f8/db1860] process > checkBamHeaders (1)            [100%] 1 of 1 ✔
[65/0e03e8] process > fastcat (1)                    [100%] 1 of 1 ✔
[skipped  ] process > prepare_databases:download_... [100%] 1 of 1, stored: 1 ✔
[skipped  ] process > prepare_databases:download_... [100%] 1 of 1, stored: 1 ✔
[90/c9e161] process > minimap_pipeline:run_common... [100%] 1 of 1 ✔
[50/79e457] process > minimap_pipeline:run_common... [100%] 1 of 1 ✔
[79/548756] process > minimap_pipeline:minimap (b... [100%] 1 of 1 ✔
[ce/e27c22] process > minimap_pipeline:createAbun... [100%] 1 of 1 ✔
[6e/967309] process > minimap_pipeline:makeReport... [100%] 1 of 1 ✔
[f4/9b7beb] process > minimap_pipeline:output_res... [ 75%] 3 of 4

executor >  slurm (11)
[f8/db1860] process > checkBamHeaders (1)            [100%] 1 of 1 ✔
[65/0e03e8] process > fastcat (1)                    [100%] 1 of 1 ✔
[skipped  ] process > prepare_databases:download_... [100%] 1 of 1, stored: 1 ✔
[skipped  ] process > prepare_databases:download_... [100%] 1 of 1, stored: 1 ✔
[90/c9e161] process > minimap_pipeline:run_common... [100%] 1 of 1 ✔
[50/79e457] process > minimap_pipeline:run_common... [100%] 1 of 1 ✔
[79/548756] process > minimap_pipeline:minimap (b... [100%] 1 of 1 ✔
[ce/e27c22] process > minimap_pipeline:createAbun... [100%] 1 of 1 ✔
[6e/967309] process > minimap_pipeline:makeReport... [100%] 1 of 1 ✔
[f4/9b7beb] process > minimap_pipeline:output_res... [ 75%] 3 of 4

executor >  slurm (11)
[f8/db1860] process > checkBamHeaders (1)            [100%] 1 of 1 ✔
[65/0e03e8] process > fastcat (1)                    [100%] 1 of 1 ✔
[skipped  ] process > prepare_databases:download_... [100%] 1 of 1, stored: 1 ✔
[skipped  ] process > prepare_databases:download_... [100%] 1 of 1, stored: 1 ✔
[90/c9e161] process > minimap_pipeline:run_common... [100%] 1 of 1 ✔
[50/79e457] process > minimap_pipeline:run_common... [100%] 1 of 1 ✔
[79/548756] process > minimap_pipeline:minimap (b... [100%] 1 of 1 ✔
[ce/e27c22] process > minimap_pipeline:createAbun... [100%] 1 of 1 ✔
[6e/967309] process > minimap_pipeline:makeReport... [100%] 1 of 1 ✔
[f4/9b7beb] process > minimap_pipeline:output_res... [100%] 4 of 4 ✔

executor >  slurm (11)
[f8/db1860] process > checkBamHeaders (1)            [100%] 1 of 1 ✔
[65/0e03e8] process > fastcat (1)                    [100%] 1 of 1 ✔
[skipped  ] process > prepare_databases:download_... [100%] 1 of 1, stored: 1 ✔
[skipped  ] process > prepare_databases:download_... [100%] 1 of 1, stored: 1 ✔
[90/c9e161] process > minimap_pipeline:run_common... [100%] 1 of 1 ✔
[50/79e457] process > minimap_pipeline:run_common... [100%] 1 of 1 ✔
[79/548756] process > minimap_pipeline:minimap (b... [100%] 1 of 1 ✔
[ce/e27c22] process > minimap_pipeline:createAbun... [100%] 1 of 1 ✔
[6e/967309] process > minimap_pipeline:makeReport... [100%] 1 of 1 ✔
[f4/9b7beb] process > minimap_pipeline:output_res... [100%] 4 of 4 ✔
Completed at: 07-Jun-2024 10:33:44
Duration    : 5m 10s
CPU hours   : 1.0
Succeeded   : 11


N E X T F L O W  ~  version 23.04.3
Launching `https://github.com/epi2me-labs/wf-metagenomics` [nostalgic_einstein] DSL2 - revision: 671dff2342 [master]
WARN: NEXTFLOW RECURSION IS A PREVIEW FEATURE - SYNTAX AND FUNCTIONALITY CAN CHANGE IN FUTURE RELEASES

||||||||||   _____ ____ ___ ____  __  __ _____      _       _
||||||||||  | ____|  _ \_ _|___ \|  \/  | ____|    | | __ _| |__  ___
|||||       |  _| | |_) | |  __) | |\/| |  _| _____| |/ _` | '_ \/ __|
|||||       | |___|  __/| | / __/| |  | | |__|_____| | (_| | |_) \__ \
||||||||||  |_____|_|  |___|_____|_|  |_|_____|    |_|\__,_|_.__/|___/
||||||||||  wf-metagenomics v2.10.0-g671dff2
--------------------------------------------------------------------------------
Core Nextflow options
  revision       : master
  runName        : nostalgic_einstein
  containerEngine: singularity
  launchDir      : /hpc/group/gunschlab/yk132/storage/20230908_Dust_Redo_R9/CAFO_Nanopore_clean
  workDir        : /work/yk132/CAFO_Nanopore_work/nf_working
  projectDir     : /hpc/home/yk132/.nextflow/assets/epi2me-labs/wf-metagenomics
  userName       : yk132
  profile        : singularity
  configFiles    : /hpc/home/yk132/.nextflow/assets/epi2me-labs/wf-metagenomics/nextflow.config, /hpc/group/gunschlab/yk132/storage/20230908_Dust_Redo_R9/CAFO_Nanopore_clean/nextflow.config, /hpc/group/gunschlab/yk132/storage/20230908_Dust_Redo_R9/CAFO_Nanopore_clean/./nextflow.config

Input Options
  bam            : /hpc/home/yk132/storage/20230908_Dust_Redo_R9/Outputs/Job9_Minimap/barcode02_alignment.bam
  classifier     : minimap2

Reference Options
  database_set   : ncbi_16s_18s_28s_ITS
  store_dir      : /hpc/home/yk132/storage/20230908_Dust_Redo_R9/Outputs/Job8_db
  database_sets  : [ncbi_16s_18s:[reference:https://ont-exd-int-s3-euwst1-epi2me-labs.s3.amazonaws.com/wf-metagenomics/ncbi_16s_18s/ncbi_targeted_loci_16s_18s.fna, database:https://ont-exd-int-s3-euwst1-epi2me-labs.s3.amazonaws.com/wf-metagenomics/ncbi_16s_18s/ncbi_targeted_loci_kraken2.tar.gz, ref2taxid:https://ont-exd-int-s3-euwst1-epi2me-labs.s3.amazonaws.com/wf-metagenomics/ncbi_16s_18s/ref2taxid.targloci.tsv, taxonomy:https://ftp.ncbi.nlm.nih.gov/pub/taxonomy/taxdump_archive/taxdmp_2023-01-01.zip], ncbi_16s_18s_28s_ITS:[reference:https://ont-exd-int-s3-euwst1-epi2me-labs.s3.amazonaws.com/wf-metagenomics/ncbi_16s_18s_28s_ITS/ncbi_16s_18s_28s_ITS.fna, database:https://ont-exd-int-s3-euwst1-epi2me-labs.s3.amazonaws.com/wf-metagenomics/ncbi_16s_18s_28s_ITS/ncbi_16s_18s_28s_ITS_kraken2.tar.gz, ref2taxid:https://ont-exd-int-s3-euwst1-epi2me-labs.s3.amazonaws.com/wf-metagenomics/ncbi_16s_18s_28s_ITS/ref2taxid.ncbi_16s_18s_28s_ITS.tsv, taxonomy:https://ftp.ncbi.nlm.nih.gov/pub/taxonomy/taxdump_archive/taxdmp_2023-01-01.zip], SILVA_138_1:[database:null], Standard-8:[database:https://genome-idx.s3.amazonaws.com/kraken/k2_standard_08gb_20231009.tar.gz, taxonomy:https://ftp.ncbi.nlm.nih.gov/pub/taxonomy/taxdump_archive/new_taxdump_2023-03-01.zip], PlusPF-8:[database:https://genome-idx.s3.amazonaws.com/kraken/k2_pluspf_08gb_20230314.tar.gz, taxonomy:https://ftp.ncbi.nlm.nih.gov/pub/taxonomy/taxdump_archive/new_taxdump_2023-03-01.zip], PlusPFP-8:[database:https://genome-idx.s3.amazonaws.com/kraken/k2_pluspfp_08gb_20230314.tar.gz, taxonomy:https://ftp.ncbi.nlm.nih.gov/pub/taxonomy/taxdump_archive/new_taxdump_2023-03-01.zip]]

Output Options
  out_dir        : /hpc/home/yk132/storage/20230908_Dust_Redo_R9/Outputs/Job10_bam_to_tsv/res_barcode02

Advanced Options
  min_len        : 50
  threads        : 40

!! Only displaying parameters that differ from the pipeline defaults !!
--------------------------------------------------------------------------------
If you use epi2me-labs/wf-metagenomics for your analysis please cite:

* The nf-core framework
  https://doi.org/10.1038/s41587-020-0439-x


--------------------------------------------------------------------------------
This is epi2me-labs/wf-metagenomics v2.10.0-g671dff2.
--------------------------------------------------------------------------------
Checking inputs.
Searching input for [.bam, .ubam] files.
[-        ] process > checkBamHeaders                -
[-        ] process > fastcat                        -
[-        ] process > prepare_databases:download_... -
[-        ] process > prepare_databases:download_... -
[-        ] process > minimap_pipeline:run_common... -
[-        ] process > minimap_pipeline:run_common... -
[-        ] process > minimap_pipeline:minimap       -
[-        ] process > minimap_pipeline:createAbun... -
[-        ] process > minimap_pipeline:makeReport    -
[-        ] process > minimap_pipeline:output_res... -
Note: Empty files or those files whose reads have been discarded after filtering based on read length and/or read quality will not appear in the report and will be excluded from subsequent analysis.
Minimap2 pipeline.
Preparing databases.
Using default taxonomy database.
Using a default database.

[-        ] process > checkBamHeaders                [  0%] 0 of 1
[-        ] process > fastcat                        -
[skipped  ] process > prepare_databases:download_... [100%] 1 of 1, stored: 1 ✔
[skipped  ] process > prepare_databases:download_... [100%] 1 of 1, stored: 1 ✔
[-        ] process > minimap_pipeline:run_common... [  0%] 0 of 1
[-        ] process > minimap_pipeline:run_common... [  0%] 0 of 1
[-        ] process > minimap_pipeline:minimap       -
[-        ] process > minimap_pipeline:createAbun... -
[-        ] process > minimap_pipeline:makeReport    -
[-        ] process > minimap_pipeline:output_res... -
Note: Empty files or those files whose reads have been discarded after filtering based on read length and/or read quality will not appear in the report and will be excluded from subsequent analysis.
Minimap2 pipeline.
Preparing databases.
Using default taxonomy database.
Using a default database.
[skipping] Stored process > prepare_databases:download_reference_ref2taxid
[skipping] Stored process > prepare_databases:download_unpack_taxonomy

executor >  slurm (1)
[ef/3811b3] process > checkBamHeaders (1)            [  0%] 0 of 1
[-        ] process > fastcat                        -
[skipped  ] process > prepare_databases:download_... [100%] 1 of 1, stored: 1 ✔
[skipped  ] process > prepare_databases:download_... [100%] 1 of 1, stored: 1 ✔
[-        ] process > minimap_pipeline:run_common... [  0%] 0 of 1
[-        ] process > minimap_pipeline:run_common... [  0%] 0 of 1
[-        ] process > minimap_pipeline:minimap       -
[-        ] process > minimap_pipeline:createAbun... -
[-        ] process > minimap_pipeline:makeReport    -
[-        ] process > minimap_pipeline:output_res... -
Note: Empty files or those files whose reads have been discarded after filtering based on read length and/or read quality will not appear in the report and will be excluded from subsequent analysis.
Minimap2 pipeline.
Preparing databases.
Using default taxonomy database.
Using a default database.
[skipping] Stored process > prepare_databases:download_reference_ref2taxid
[skipping] Stored process > prepare_databases:download_unpack_taxonomy

executor >  slurm (2)
[ef/3811b3] process > checkBamHeaders (1)            [  0%] 0 of 1
[-        ] process > fastcat                        -
[skipped  ] process > prepare_databases:download_... [100%] 1 of 1, stored: 1 ✔
[skipped  ] process > prepare_databases:download_... [100%] 1 of 1, stored: 1 ✔
[2c/7ef235] process > minimap_pipeline:run_common... [  0%] 0 of 1
[-        ] process > minimap_pipeline:run_common... [  0%] 0 of 1
[-        ] process > minimap_pipeline:minimap       -
[-        ] process > minimap_pipeline:createAbun... -
[-        ] process > minimap_pipeline:makeReport    -
[-        ] process > minimap_pipeline:output_res... -
Note: Empty files or those files whose reads have been discarded after filtering based on read length and/or read quality will not appear in the report and will be excluded from subsequent analysis.
Minimap2 pipeline.
Preparing databases.
Using default taxonomy database.
Using a default database.
[skipping] Stored process > prepare_databases:download_reference_ref2taxid
[skipping] Stored process > prepare_databases:download_unpack_taxonomy

executor >  slurm (3)
[ef/3811b3] process > checkBamHeaders (1)            [  0%] 0 of 1
[-        ] process > fastcat                        -
[skipped  ] process > prepare_databases:download_... [100%] 1 of 1, stored: 1 ✔
[skipped  ] process > prepare_databases:download_... [100%] 1 of 1, stored: 1 ✔
[2c/7ef235] process > minimap_pipeline:run_common... [  0%] 0 of 1
[59/9c2b4d] process > minimap_pipeline:run_common... [  0%] 0 of 1
[-        ] process > minimap_pipeline:minimap       -
[-        ] process > minimap_pipeline:createAbun... -
[-        ] process > minimap_pipeline:makeReport    -
[-        ] process > minimap_pipeline:output_res... -
Note: Empty files or those files whose reads have been discarded after filtering based on read length and/or read quality will not appear in the report and will be excluded from subsequent analysis.
Minimap2 pipeline.
Preparing databases.
Using default taxonomy database.
Using a default database.
[skipping] Stored process > prepare_databases:download_reference_ref2taxid
[skipping] Stored process > prepare_databases:download_unpack_taxonomy

executor >  slurm (3)
[ef/3811b3] process > checkBamHeaders (1)            [  0%] 0 of 1
[-        ] process > fastcat                        -
[skipped  ] process > prepare_databases:download_... [100%] 1 of 1, stored: 1 ✔
[skipped  ] process > prepare_databases:download_... [100%] 1 of 1, stored: 1 ✔
[2c/7ef235] process > minimap_pipeline:run_common... [  0%] 0 of 1
[59/9c2b4d] process > minimap_pipeline:run_common... [  0%] 0 of 1
[-        ] process > minimap_pipeline:minimap       -
[-        ] process > minimap_pipeline:createAbun... -
[-        ] process > minimap_pipeline:makeReport    -
[-        ] process > minimap_pipeline:output_res... -
Note: Empty files or those files whose reads have been discarded after filtering based on read length and/or read quality will not appear in the report and will be excluded from subsequent analysis.
Minimap2 pipeline.
Preparing databases.
Using default taxonomy database.
Using a default database.
[skipping] Stored process > prepare_databases:download_reference_ref2taxid
[skipping] Stored process > prepare_databases:download_unpack_taxonomy

executor >  slurm (3)
[ef/3811b3] process > checkBamHeaders (1)            [  0%] 0 of 1
[-        ] process > fastcat                        -
[skipped  ] process > prepare_databases:download_... [100%] 1 of 1, stored: 1 ✔
[skipped  ] process > prepare_databases:download_... [100%] 1 of 1, stored: 1 ✔
[2c/7ef235] process > minimap_pipeline:run_common... [  0%] 0 of 1
[59/9c2b4d] process > minimap_pipeline:run_common... [  0%] 0 of 1
[-        ] process > minimap_pipeline:minimap       -
[-        ] process > minimap_pipeline:createAbun... -
[-        ] process > minimap_pipeline:makeReport    -
[-        ] process > minimap_pipeline:output_res... -
Note: Empty files or those files whose reads have been discarded after filtering based on read length and/or read quality will not appear in the report and will be excluded from subsequent analysis.
Minimap2 pipeline.
Preparing databases.
Using default taxonomy database.
Using a default database.
[skipping] Stored process > prepare_databases:download_reference_ref2taxid
[skipping] Stored process > prepare_databases:download_unpack_taxonomy

executor >  slurm (3)
[ef/3811b3] process > checkBamHeaders (1)            [100%] 1 of 1 ✔
[-        ] process > fastcat                        [  0%] 0 of 1
[skipped  ] process > prepare_databases:download_... [100%] 1 of 1, stored: 1 ✔
[skipped  ] process > prepare_databases:download_... [100%] 1 of 1, stored: 1 ✔
[2c/7ef235] process > minimap_pipeline:run_common... [100%] 1 of 1 ✔
[59/9c2b4d] process > minimap_pipeline:run_common... [100%] 1 of 1 ✔
[-        ] process > minimap_pipeline:minimap       -
[-        ] process > minimap_pipeline:createAbun... -
[-        ] process > minimap_pipeline:makeReport    -
[-        ] process > minimap_pipeline:output_res... [  0%] 0 of 2








executor >  slurm (5)
[ef/3811b3] process > checkBamHeaders (1)            [100%] 1 of 1 ✔
[10/de7d62] process > fastcat (1)                    [  0%] 0 of 1
[skipped  ] process > prepare_databases:download_... [100%] 1 of 1, stored: 1 ✔
[skipped  ] process > prepare_databases:download_... [100%] 1 of 1, stored: 1 ✔
[2c/7ef235] process > minimap_pipeline:run_common... [100%] 1 of 1 ✔
[59/9c2b4d] process > minimap_pipeline:run_common... [100%] 1 of 1 ✔
[-        ] process > minimap_pipeline:minimap       -
[-        ] process > minimap_pipeline:createAbun... -
[-        ] process > minimap_pipeline:makeReport    -
[02/9c40cb] process > minimap_pipeline:output_res... [  0%] 0 of 2








executor >  slurm (6)
[ef/3811b3] process > checkBamHeaders (1)            [100%] 1 of 1 ✔
[10/de7d62] process > fastcat (1)                    [  0%] 0 of 1
[skipped  ] process > prepare_databases:download_... [100%] 1 of 1, stored: 1 ✔
[skipped  ] process > prepare_databases:download_... [100%] 1 of 1, stored: 1 ✔
[2c/7ef235] process > minimap_pipeline:run_common... [100%] 1 of 1 ✔
[59/9c2b4d] process > minimap_pipeline:run_common... [100%] 1 of 1 ✔
[-        ] process > minimap_pipeline:minimap       -
[-        ] process > minimap_pipeline:createAbun... -
[-        ] process > minimap_pipeline:makeReport    -
[e8/6174bd] process > minimap_pipeline:output_res... [  0%] 0 of 2

executor >  slurm (6)
[ef/3811b3] process > checkBamHeaders (1)            [100%] 1 of 1 ✔
[10/de7d62] process > fastcat (1)                    [  0%] 0 of 1
[skipped  ] process > prepare_databases:download_... [100%] 1 of 1, stored: 1 ✔
[skipped  ] process > prepare_databases:download_... [100%] 1 of 1, stored: 1 ✔
[2c/7ef235] process > minimap_pipeline:run_common... [100%] 1 of 1 ✔
[59/9c2b4d] process > minimap_pipeline:run_common... [100%] 1 of 1 ✔
[-        ] process > minimap_pipeline:minimap       -
[-        ] process > minimap_pipeline:createAbun... -
[-        ] process > minimap_pipeline:makeReport    -
[e8/6174bd] process > minimap_pipeline:output_res... [  0%] 0 of 2

executor >  slurm (6)
[ef/3811b3] process > checkBamHeaders (1)            [100%] 1 of 1 ✔
[10/de7d62] process > fastcat (1)                    [100%] 1 of 1 ✔
[skipped  ] process > prepare_databases:download_... [100%] 1 of 1, stored: 1 ✔
[skipped  ] process > prepare_databases:download_... [100%] 1 of 1, stored: 1 ✔
[2c/7ef235] process > minimap_pipeline:run_common... [100%] 1 of 1 ✔
[59/9c2b4d] process > minimap_pipeline:run_common... [100%] 1 of 1 ✔
[-        ] process > minimap_pipeline:minimap       [  0%] 0 of 1
[-        ] process > minimap_pipeline:createAbun... -
[-        ] process > minimap_pipeline:makeReport    -
[e8/6174bd] process > minimap_pipeline:output_res... [  0%] 0 of 2

executor >  slurm (7)
[ef/3811b3] process > checkBamHeaders (1)            [100%] 1 of 1 ✔
[10/de7d62] process > fastcat (1)                    [100%] 1 of 1 ✔
[skipped  ] process > prepare_databases:download_... [100%] 1 of 1, stored: 1 ✔
[skipped  ] process > prepare_databases:download_... [100%] 1 of 1, stored: 1 ✔
[2c/7ef235] process > minimap_pipeline:run_common... [100%] 1 of 1 ✔
[59/9c2b4d] process > minimap_pipeline:run_common... [100%] 1 of 1 ✔
[f4/839e1b] process > minimap_pipeline:minimap (b... [  0%] 0 of 1
[-        ] process > minimap_pipeline:createAbun... -
[-        ] process > minimap_pipeline:makeReport    -
[e8/6174bd] process > minimap_pipeline:output_res... [  0%] 0 of 2

executor >  slurm (7)
[ef/3811b3] process > checkBamHeaders (1)            [100%] 1 of 1 ✔
[10/de7d62] process > fastcat (1)                    [100%] 1 of 1 ✔
[skipped  ] process > prepare_databases:download_... [100%] 1 of 1, stored: 1 ✔
[skipped  ] process > prepare_databases:download_... [100%] 1 of 1, stored: 1 ✔
[2c/7ef235] process > minimap_pipeline:run_common... [100%] 1 of 1 ✔
[59/9c2b4d] process > minimap_pipeline:run_common... [100%] 1 of 1 ✔
[f4/839e1b] process > minimap_pipeline:minimap (b... [  0%] 0 of 1
[-        ] process > minimap_pipeline:createAbun... -
[-        ] process > minimap_pipeline:makeReport    -
[e8/6174bd] process > minimap_pipeline:output_res... [  0%] 0 of 2

executor >  slurm (7)
[ef/3811b3] process > checkBamHeaders (1)            [100%] 1 of 1 ✔
[10/de7d62] process > fastcat (1)                    [100%] 1 of 1 ✔
[skipped  ] process > prepare_databases:download_... [100%] 1 of 1, stored: 1 ✔
[skipped  ] process > prepare_databases:download_... [100%] 1 of 1, stored: 1 ✔
[2c/7ef235] process > minimap_pipeline:run_common... [100%] 1 of 1 ✔
[59/9c2b4d] process > minimap_pipeline:run_common... [100%] 1 of 1 ✔
[f4/839e1b] process > minimap_pipeline:minimap (b... [100%] 1 of 1 ✔
[-        ] process > minimap_pipeline:createAbun... [  0%] 0 of 1
[-        ] process > minimap_pipeline:makeReport    -
[e8/6174bd] process > minimap_pipeline:output_res... [100%] 2 of 2

executor >  slurm (8)
[ef/3811b3] process > checkBamHeaders (1)            [100%] 1 of 1 ✔
[10/de7d62] process > fastcat (1)                    [100%] 1 of 1 ✔
[skipped  ] process > prepare_databases:download_... [100%] 1 of 1, stored: 1 ✔
[skipped  ] process > prepare_databases:download_... [100%] 1 of 1, stored: 1 ✔
[2c/7ef235] process > minimap_pipeline:run_common... [100%] 1 of 1 ✔
[59/9c2b4d] process > minimap_pipeline:run_common... [100%] 1 of 1 ✔
[f4/839e1b] process > minimap_pipeline:minimap (b... [100%] 1 of 1 ✔
[81/5c3921] process > minimap_pipeline:createAbun... [  0%] 0 of 1
[-        ] process > minimap_pipeline:makeReport    -
[e8/6174bd] process > minimap_pipeline:output_res... [100%] 2 of 2

executor >  slurm (8)
[ef/3811b3] process > checkBamHeaders (1)            [100%] 1 of 1 ✔
[10/de7d62] process > fastcat (1)                    [100%] 1 of 1 ✔
[skipped  ] process > prepare_databases:download_... [100%] 1 of 1, stored: 1 ✔
[skipped  ] process > prepare_databases:download_... [100%] 1 of 1, stored: 1 ✔
[2c/7ef235] process > minimap_pipeline:run_common... [100%] 1 of 1 ✔
[59/9c2b4d] process > minimap_pipeline:run_common... [100%] 1 of 1 ✔
[f4/839e1b] process > minimap_pipeline:minimap (b... [100%] 1 of 1 ✔
[81/5c3921] process > minimap_pipeline:createAbun... [  0%] 0 of 1
[-        ] process > minimap_pipeline:makeReport    -
[e8/6174bd] process > minimap_pipeline:output_res... [100%] 2 of 2

executor >  slurm (8)
[ef/3811b3] process > checkBamHeaders (1)            [100%] 1 of 1 ✔
[10/de7d62] process > fastcat (1)                    [100%] 1 of 1 ✔
[skipped  ] process > prepare_databases:download_... [100%] 1 of 1, stored: 1 ✔
[skipped  ] process > prepare_databases:download_... [100%] 1 of 1, stored: 1 ✔
[2c/7ef235] process > minimap_pipeline:run_common... [100%] 1 of 1 ✔
[59/9c2b4d] process > minimap_pipeline:run_common... [100%] 1 of 1 ✔
[f4/839e1b] process > minimap_pipeline:minimap (b... [100%] 1 of 1 ✔
[81/5c3921] process > minimap_pipeline:createAbun... [100%] 1 of 1 ✔
[-        ] process > minimap_pipeline:makeReport    [  0%] 0 of 1
[e8/6174bd] process > minimap_pipeline:output_res... [ 66%] 2 of 3

executor >  slurm (10)
[ef/3811b3] process > checkBamHeaders (1)            [100%] 1 of 1 ✔
[10/de7d62] process > fastcat (1)                    [100%] 1 of 1 ✔
[skipped  ] process > prepare_databases:download_... [100%] 1 of 1, stored: 1 ✔
[skipped  ] process > prepare_databases:download_... [100%] 1 of 1, stored: 1 ✔
[2c/7ef235] process > minimap_pipeline:run_common... [100%] 1 of 1 ✔
[59/9c2b4d] process > minimap_pipeline:run_common... [100%] 1 of 1 ✔
[f4/839e1b] process > minimap_pipeline:minimap (b... [100%] 1 of 1 ✔
[81/5c3921] process > minimap_pipeline:createAbun... [100%] 1 of 1 ✔
[ca/9570fb] process > minimap_pipeline:makeReport... [  0%] 0 of 1
[be/cfd32a] process > minimap_pipeline:output_res... [ 66%] 2 of 3

executor >  slurm (10)
[ef/3811b3] process > checkBamHeaders (1)            [100%] 1 of 1 ✔
[10/de7d62] process > fastcat (1)                    [100%] 1 of 1 ✔
[skipped  ] process > prepare_databases:download_... [100%] 1 of 1, stored: 1 ✔
[skipped  ] process > prepare_databases:download_... [100%] 1 of 1, stored: 1 ✔
[2c/7ef235] process > minimap_pipeline:run_common... [100%] 1 of 1 ✔
[59/9c2b4d] process > minimap_pipeline:run_common... [100%] 1 of 1 ✔
[f4/839e1b] process > minimap_pipeline:minimap (b... [100%] 1 of 1 ✔
[81/5c3921] process > minimap_pipeline:createAbun... [100%] 1 of 1 ✔
[ca/9570fb] process > minimap_pipeline:makeReport... [  0%] 0 of 1
[be/cfd32a] process > minimap_pipeline:output_res... [ 66%] 2 of 3

executor >  slurm (10)
[ef/3811b3] process > checkBamHeaders (1)            [100%] 1 of 1 ✔
[10/de7d62] process > fastcat (1)                    [100%] 1 of 1 ✔
[skipped  ] process > prepare_databases:download_... [100%] 1 of 1, stored: 1 ✔
[skipped  ] process > prepare_databases:download_... [100%] 1 of 1, stored: 1 ✔
[2c/7ef235] process > minimap_pipeline:run_common... [100%] 1 of 1 ✔
[59/9c2b4d] process > minimap_pipeline:run_common... [100%] 1 of 1 ✔
[f4/839e1b] process > minimap_pipeline:minimap (b... [100%] 1 of 1 ✔
[81/5c3921] process > minimap_pipeline:createAbun... [100%] 1 of 1 ✔
[ca/9570fb] process > minimap_pipeline:makeReport... [  0%] 0 of 1
[be/cfd32a] process > minimap_pipeline:output_res... [100%] 3 of 3

executor >  slurm (10)
[ef/3811b3] process > checkBamHeaders (1)            [100%] 1 of 1 ✔
[10/de7d62] process > fastcat (1)                    [100%] 1 of 1 ✔
[skipped  ] process > prepare_databases:download_... [100%] 1 of 1, stored: 1 ✔
[skipped  ] process > prepare_databases:download_... [100%] 1 of 1, stored: 1 ✔
[2c/7ef235] process > minimap_pipeline:run_common... [100%] 1 of 1 ✔
[59/9c2b4d] process > minimap_pipeline:run_common... [100%] 1 of 1 ✔
[f4/839e1b] process > minimap_pipeline:minimap (b... [100%] 1 of 1 ✔
[81/5c3921] process > minimap_pipeline:createAbun... [100%] 1 of 1 ✔
[ca/9570fb] process > minimap_pipeline:makeReport... [100%] 1 of 1 ✔
[be/cfd32a] process > minimap_pipeline:output_res... [ 75%] 3 of 4

executor >  slurm (11)
[ef/3811b3] process > checkBamHeaders (1)            [100%] 1 of 1 ✔
[10/de7d62] process > fastcat (1)                    [100%] 1 of 1 ✔
[skipped  ] process > prepare_databases:download_... [100%] 1 of 1, stored: 1 ✔
[skipped  ] process > prepare_databases:download_... [100%] 1 of 1, stored: 1 ✔
[2c/7ef235] process > minimap_pipeline:run_common... [100%] 1 of 1 ✔
[59/9c2b4d] process > minimap_pipeline:run_common... [100%] 1 of 1 ✔
[f4/839e1b] process > minimap_pipeline:minimap (b... [100%] 1 of 1 ✔
[81/5c3921] process > minimap_pipeline:createAbun... [100%] 1 of 1 ✔
[ca/9570fb] process > minimap_pipeline:makeReport... [100%] 1 of 1 ✔
[9c/f780ca] process > minimap_pipeline:output_res... [ 75%] 3 of 4

executor >  slurm (11)
[ef/3811b3] process > checkBamHeaders (1)            [100%] 1 of 1 ✔
[10/de7d62] process > fastcat (1)                    [100%] 1 of 1 ✔
[skipped  ] process > prepare_databases:download_... [100%] 1 of 1, stored: 1 ✔
[skipped  ] process > prepare_databases:download_... [100%] 1 of 1, stored: 1 ✔
[2c/7ef235] process > minimap_pipeline:run_common... [100%] 1 of 1 ✔
[59/9c2b4d] process > minimap_pipeline:run_common... [100%] 1 of 1 ✔
[f4/839e1b] process > minimap_pipeline:minimap (b... [100%] 1 of 1 ✔
[81/5c3921] process > minimap_pipeline:createAbun... [100%] 1 of 1 ✔
[ca/9570fb] process > minimap_pipeline:makeReport... [100%] 1 of 1 ✔
[9c/f780ca] process > minimap_pipeline:output_res... [ 75%] 3 of 4

executor >  slurm (11)
[ef/3811b3] process > checkBamHeaders (1)            [100%] 1 of 1 ✔
[10/de7d62] process > fastcat (1)                    [100%] 1 of 1 ✔
[skipped  ] process > prepare_databases:download_... [100%] 1 of 1, stored: 1 ✔
[skipped  ] process > prepare_databases:download_... [100%] 1 of 1, stored: 1 ✔
[2c/7ef235] process > minimap_pipeline:run_common... [100%] 1 of 1 ✔
[59/9c2b4d] process > minimap_pipeline:run_common... [100%] 1 of 1 ✔
[f4/839e1b] process > minimap_pipeline:minimap (b... [100%] 1 of 1 ✔
[81/5c3921] process > minimap_pipeline:createAbun... [100%] 1 of 1 ✔
[ca/9570fb] process > minimap_pipeline:makeReport... [100%] 1 of 1 ✔
[9c/f780ca] process > minimap_pipeline:output_res... [100%] 4 of 4 ✔

executor >  slurm (11)
[ef/3811b3] process > checkBamHeaders (1)            [100%] 1 of 1 ✔
[10/de7d62] process > fastcat (1)                    [100%] 1 of 1 ✔
[skipped  ] process > prepare_databases:download_... [100%] 1 of 1, stored: 1 ✔
[skipped  ] process > prepare_databases:download_... [100%] 1 of 1, stored: 1 ✔
[2c/7ef235] process > minimap_pipeline:run_common... [100%] 1 of 1 ✔
[59/9c2b4d] process > minimap_pipeline:run_common... [100%] 1 of 1 ✔
[f4/839e1b] process > minimap_pipeline:minimap (b... [100%] 1 of 1 ✔
[81/5c3921] process > minimap_pipeline:createAbun... [100%] 1 of 1 ✔
[ca/9570fb] process > minimap_pipeline:makeReport... [100%] 1 of 1 ✔
[9c/f780ca] process > minimap_pipeline:output_res... [100%] 4 of 4 ✔
Completed at: 07-Jun-2024 10:37:38
Duration    : 3m 50s
CPU hours   : 0.2
Succeeded   : 11


N E X T F L O W  ~  version 23.04.3
Launching `https://github.com/epi2me-labs/wf-metagenomics` [happy_carson] DSL2 - revision: 671dff2342 [master]
WARN: NEXTFLOW RECURSION IS A PREVIEW FEATURE - SYNTAX AND FUNCTIONALITY CAN CHANGE IN FUTURE RELEASES

||||||||||   _____ ____ ___ ____  __  __ _____      _       _
||||||||||  | ____|  _ \_ _|___ \|  \/  | ____|    | | __ _| |__  ___
|||||       |  _| | |_) | |  __) | |\/| |  _| _____| |/ _` | '_ \/ __|
|||||       | |___|  __/| | / __/| |  | | |__|_____| | (_| | |_) \__ \
||||||||||  |_____|_|  |___|_____|_|  |_|_____|    |_|\__,_|_.__/|___/
||||||||||  wf-metagenomics v2.10.0-g671dff2
--------------------------------------------------------------------------------
Core Nextflow options
  revision       : master
  runName        : happy_carson
  containerEngine: singularity
  launchDir      : /hpc/group/gunschlab/yk132/storage/20230908_Dust_Redo_R9/CAFO_Nanopore_clean
  workDir        : /work/yk132/CAFO_Nanopore_work/nf_working
  projectDir     : /hpc/home/yk132/.nextflow/assets/epi2me-labs/wf-metagenomics
  userName       : yk132
  profile        : singularity
  configFiles    : /hpc/home/yk132/.nextflow/assets/epi2me-labs/wf-metagenomics/nextflow.config, /hpc/group/gunschlab/yk132/storage/20230908_Dust_Redo_R9/CAFO_Nanopore_clean/nextflow.config, /hpc/group/gunschlab/yk132/storage/20230908_Dust_Redo_R9/CAFO_Nanopore_clean/./nextflow.config

Input Options
  bam            : /hpc/home/yk132/storage/20230908_Dust_Redo_R9/Outputs/Job9_Minimap/barcode03_alignment.bam
  classifier     : minimap2

Reference Options
  database_set   : ncbi_16s_18s_28s_ITS
  store_dir      : /hpc/home/yk132/storage/20230908_Dust_Redo_R9/Outputs/Job8_db
  database_sets  : [ncbi_16s_18s:[reference:https://ont-exd-int-s3-euwst1-epi2me-labs.s3.amazonaws.com/wf-metagenomics/ncbi_16s_18s/ncbi_targeted_loci_16s_18s.fna, database:https://ont-exd-int-s3-euwst1-epi2me-labs.s3.amazonaws.com/wf-metagenomics/ncbi_16s_18s/ncbi_targeted_loci_kraken2.tar.gz, ref2taxid:https://ont-exd-int-s3-euwst1-epi2me-labs.s3.amazonaws.com/wf-metagenomics/ncbi_16s_18s/ref2taxid.targloci.tsv, taxonomy:https://ftp.ncbi.nlm.nih.gov/pub/taxonomy/taxdump_archive/taxdmp_2023-01-01.zip], ncbi_16s_18s_28s_ITS:[reference:https://ont-exd-int-s3-euwst1-epi2me-labs.s3.amazonaws.com/wf-metagenomics/ncbi_16s_18s_28s_ITS/ncbi_16s_18s_28s_ITS.fna, database:https://ont-exd-int-s3-euwst1-epi2me-labs.s3.amazonaws.com/wf-metagenomics/ncbi_16s_18s_28s_ITS/ncbi_16s_18s_28s_ITS_kraken2.tar.gz, ref2taxid:https://ont-exd-int-s3-euwst1-epi2me-labs.s3.amazonaws.com/wf-metagenomics/ncbi_16s_18s_28s_ITS/ref2taxid.ncbi_16s_18s_28s_ITS.tsv, taxonomy:https://ftp.ncbi.nlm.nih.gov/pub/taxonomy/taxdump_archive/taxdmp_2023-01-01.zip], SILVA_138_1:[database:null], Standard-8:[database:https://genome-idx.s3.amazonaws.com/kraken/k2_standard_08gb_20231009.tar.gz, taxonomy:https://ftp.ncbi.nlm.nih.gov/pub/taxonomy/taxdump_archive/new_taxdump_2023-03-01.zip], PlusPF-8:[database:https://genome-idx.s3.amazonaws.com/kraken/k2_pluspf_08gb_20230314.tar.gz, taxonomy:https://ftp.ncbi.nlm.nih.gov/pub/taxonomy/taxdump_archive/new_taxdump_2023-03-01.zip], PlusPFP-8:[database:https://genome-idx.s3.amazonaws.com/kraken/k2_pluspfp_08gb_20230314.tar.gz, taxonomy:https://ftp.ncbi.nlm.nih.gov/pub/taxonomy/taxdump_archive/new_taxdump_2023-03-01.zip]]

Output Options
  out_dir        : /hpc/home/yk132/storage/20230908_Dust_Redo_R9/Outputs/Job10_bam_to_tsv/res_barcode03

Advanced Options
  min_len        : 50
  threads        : 40

!! Only displaying parameters that differ from the pipeline defaults !!
--------------------------------------------------------------------------------
If you use epi2me-labs/wf-metagenomics for your analysis please cite:

* The nf-core framework
  https://doi.org/10.1038/s41587-020-0439-x


--------------------------------------------------------------------------------
This is epi2me-labs/wf-metagenomics v2.10.0-g671dff2.
--------------------------------------------------------------------------------
Checking inputs.
Searching input for [.bam, .ubam] files.
[-        ] process > checkBamHeaders                -
[-        ] process > fastcat                        -
[-        ] process > prepare_databases:download_... -
[-        ] process > prepare_databases:download_... -
[-        ] process > minimap_pipeline:run_common... -
[-        ] process > minimap_pipeline:run_common... -
[-        ] process > minimap_pipeline:minimap       -
[-        ] process > minimap_pipeline:createAbun... -
[-        ] process > minimap_pipeline:makeReport    -
[-        ] process > minimap_pipeline:output_res... -
Note: Empty files or those files whose reads have been discarded after filtering based on read length and/or read quality will not appear in the report and will be excluded from subsequent analysis.
Minimap2 pipeline.
Preparing databases.
Using default taxonomy database.
Using a default database.

[-        ] process > checkBamHeaders                -
[-        ] process > fastcat                        -
[skipped  ] process > prepare_databases:download_... [100%] 1 of 1, stored: 1 ✔
[skipped  ] process > prepare_databases:download_... [100%] 1 of 1, stored: 1 ✔
[-        ] process > minimap_pipeline:run_common... [  0%] 0 of 1
[-        ] process > minimap_pipeline:run_common... [  0%] 0 of 1
[-        ] process > minimap_pipeline:minimap       -
[-        ] process > minimap_pipeline:createAbun... -
[-        ] process > minimap_pipeline:makeReport    -
[-        ] process > minimap_pipeline:output_res... -
Note: Empty files or those files whose reads have been discarded after filtering based on read length and/or read quality will not appear in the report and will be excluded from subsequent analysis.
Minimap2 pipeline.
Preparing databases.
Using default taxonomy database.
Using a default database.
[skipping] Stored process > prepare_databases:download_reference_ref2taxid
[skipping] Stored process > prepare_databases:download_unpack_taxonomy

[-        ] process > checkBamHeaders                [  0%] 0 of 1
[-        ] process > fastcat                        -
[skipped  ] process > prepare_databases:download_... [100%] 1 of 1, stored: 1 ✔
[skipped  ] process > prepare_databases:download_... [100%] 1 of 1, stored: 1 ✔
[-        ] process > minimap_pipeline:run_common... [  0%] 0 of 1
[-        ] process > minimap_pipeline:run_common... [  0%] 0 of 1
[-        ] process > minimap_pipeline:minimap       -
[-        ] process > minimap_pipeline:createAbun... -
[-        ] process > minimap_pipeline:makeReport    -
[-        ] process > minimap_pipeline:output_res... -
Note: Empty files or those files whose reads have been discarded after filtering based on read length and/or read quality will not appear in the report and will be excluded from subsequent analysis.
Minimap2 pipeline.
Preparing databases.
Using default taxonomy database.
Using a default database.
[skipping] Stored process > prepare_databases:download_reference_ref2taxid
[skipping] Stored process > prepare_databases:download_unpack_taxonomy

executor >  slurm (1)
[-        ] process > checkBamHeaders                [  0%] 0 of 1
[-        ] process > fastcat                        -
[skipped  ] process > prepare_databases:download_... [100%] 1 of 1, stored: 1 ✔
[skipped  ] process > prepare_databases:download_... [100%] 1 of 1, stored: 1 ✔
[-        ] process > minimap_pipeline:run_common... [  0%] 0 of 1
[3e/9fdbfe] process > minimap_pipeline:run_common... [  0%] 0 of 1
[-        ] process > minimap_pipeline:minimap       -
[-        ] process > minimap_pipeline:createAbun... -
[-        ] process > minimap_pipeline:makeReport    -
[-        ] process > minimap_pipeline:output_res... -
Note: Empty files or those files whose reads have been discarded after filtering based on read length and/or read quality will not appear in the report and will be excluded from subsequent analysis.
Minimap2 pipeline.
Preparing databases.
Using default taxonomy database.
Using a default database.
[skipping] Stored process > prepare_databases:download_reference_ref2taxid
[skipping] Stored process > prepare_databases:download_unpack_taxonomy

executor >  slurm (3)
[86/ad6090] process > checkBamHeaders (1)            [  0%] 0 of 1
[-        ] process > fastcat                        -
[skipped  ] process > prepare_databases:download_... [100%] 1 of 1, stored: 1 ✔
[skipped  ] process > prepare_databases:download_... [100%] 1 of 1, stored: 1 ✔
[38/8b74b9] process > minimap_pipeline:run_common... [  0%] 0 of 1
[3e/9fdbfe] process > minimap_pipeline:run_common... [  0%] 0 of 1
[-        ] process > minimap_pipeline:minimap       -
[-        ] process > minimap_pipeline:createAbun... -
[-        ] process > minimap_pipeline:makeReport    -
[-        ] process > minimap_pipeline:output_res... -
Note: Empty files or those files whose reads have been discarded after filtering based on read length and/or read quality will not appear in the report and will be excluded from subsequent analysis.
Minimap2 pipeline.
Preparing databases.
Using default taxonomy database.
Using a default database.
[skipping] Stored process > prepare_databases:download_reference_ref2taxid
[skipping] Stored process > prepare_databases:download_unpack_taxonomy

executor >  slurm (3)
[86/ad6090] process > checkBamHeaders (1)            [  0%] 0 of 1
[-        ] process > fastcat                        -
[skipped  ] process > prepare_databases:download_... [100%] 1 of 1, stored: 1 ✔
[skipped  ] process > prepare_databases:download_... [100%] 1 of 1, stored: 1 ✔
[38/8b74b9] process > minimap_pipeline:run_common... [  0%] 0 of 1
[3e/9fdbfe] process > minimap_pipeline:run_common... [  0%] 0 of 1
[-        ] process > minimap_pipeline:minimap       -
[-        ] process > minimap_pipeline:createAbun... -
[-        ] process > minimap_pipeline:makeReport    -
[-        ] process > minimap_pipeline:output_res... -
Note: Empty files or those files whose reads have been discarded after filtering based on read length and/or read quality will not appear in the report and will be excluded from subsequent analysis.
Minimap2 pipeline.
Preparing databases.
Using default taxonomy database.
Using a default database.
[skipping] Stored process > prepare_databases:download_reference_ref2taxid
[skipping] Stored process > prepare_databases:download_unpack_taxonomy

executor >  slurm (3)
[86/ad6090] process > checkBamHeaders (1)            [  0%] 0 of 1
[-        ] process > fastcat                        -
[skipped  ] process > prepare_databases:download_... [100%] 1 of 1, stored: 1 ✔
[skipped  ] process > prepare_databases:download_... [100%] 1 of 1, stored: 1 ✔
[38/8b74b9] process > minimap_pipeline:run_common... [  0%] 0 of 1
[3e/9fdbfe] process > minimap_pipeline:run_common... [  0%] 0 of 1
[-        ] process > minimap_pipeline:minimap       -
[-        ] process > minimap_pipeline:createAbun... -
[-        ] process > minimap_pipeline:makeReport    -
[-        ] process > minimap_pipeline:output_res... -
Note: Empty files or those files whose reads have been discarded after filtering based on read length and/or read quality will not appear in the report and will be excluded from subsequent analysis.
Minimap2 pipeline.
Preparing databases.
Using default taxonomy database.
Using a default database.
[skipping] Stored process > prepare_databases:download_reference_ref2taxid
[skipping] Stored process > prepare_databases:download_unpack_taxonomy

executor >  slurm (4)
[86/ad6090] process > checkBamHeaders (1)            [  0%] 0 of 1
[-        ] process > fastcat                        -
[skipped  ] process > prepare_databases:download_... [100%] 1 of 1, stored: 1 ✔
[skipped  ] process > prepare_databases:download_... [100%] 1 of 1, stored: 1 ✔
[38/8b74b9] process > minimap_pipeline:run_common... [  0%] 0 of 1
[3e/9fdbfe] process > minimap_pipeline:run_common... [100%] 1 of 1 ✔
[-        ] process > minimap_pipeline:minimap       -
[-        ] process > minimap_pipeline:createAbun... -
[-        ] process > minimap_pipeline:makeReport    -
[19/cf70ca] process > minimap_pipeline:output_res... [  0%] 0 of 1
Note: Empty files or those files whose reads have been discarded after filtering based on read length and/or read quality will not appear in the report and will be excluded from subsequent analysis.
Minimap2 pipeline.
Preparing databases.
Using default taxonomy database.
Using a default database.
[skipping] Stored process > prepare_databases:download_reference_ref2taxid
[skipping] Stored process > prepare_databases:download_unpack_taxonomy

executor >  slurm (4)
[86/ad6090] process > checkBamHeaders (1)            [  0%] 0 of 1
[-        ] process > fastcat                        -
[skipped  ] process > prepare_databases:download_... [100%] 1 of 1, stored: 1 ✔
[skipped  ] process > prepare_databases:download_... [100%] 1 of 1, stored: 1 ✔
[38/8b74b9] process > minimap_pipeline:run_common... [  0%] 0 of 1
[3e/9fdbfe] process > minimap_pipeline:run_common... [100%] 1 of 1 ✔
[-        ] process > minimap_pipeline:minimap       -
[-        ] process > minimap_pipeline:createAbun... -
[-        ] process > minimap_pipeline:makeReport    -
[19/cf70ca] process > minimap_pipeline:output_res... [  0%] 0 of 1
Note: Empty files or those files whose reads have been discarded after filtering based on read length and/or read quality will not appear in the report and will be excluded from subsequent analysis.
Minimap2 pipeline.
Preparing databases.
Using default taxonomy database.
Using a default database.
[skipping] Stored process > prepare_databases:download_reference_ref2taxid
[skipping] Stored process > prepare_databases:download_unpack_taxonomy

executor >  slurm (4)
[86/ad6090] process > checkBamHeaders (1)            [  0%] 0 of 1
[-        ] process > fastcat                        -
[skipped  ] process > prepare_databases:download_... [100%] 1 of 1, stored: 1 ✔
[skipped  ] process > prepare_databases:download_... [100%] 1 of 1, stored: 1 ✔
[38/8b74b9] process > minimap_pipeline:run_common... [100%] 1 of 1 ✔
[3e/9fdbfe] process > minimap_pipeline:run_common... [100%] 1 of 1 ✔
[-        ] process > minimap_pipeline:minimap       -
[-        ] process > minimap_pipeline:createAbun... -
[-        ] process > minimap_pipeline:makeReport    -
[19/cf70ca] process > minimap_pipeline:output_res... [  0%] 0 of 1








executor >  slurm (5)
[86/ad6090] process > checkBamHeaders (1)            [100%] 1 of 1 ✔
[-        ] process > fastcat                        [  0%] 0 of 1
[skipped  ] process > prepare_databases:download_... [100%] 1 of 1, stored: 1 ✔
[skipped  ] process > prepare_databases:download_... [100%] 1 of 1, stored: 1 ✔
[38/8b74b9] process > minimap_pipeline:run_common... [100%] 1 of 1 ✔
[3e/9fdbfe] process > minimap_pipeline:run_common... [100%] 1 of 1 ✔
[-        ] process > minimap_pipeline:minimap       -
[-        ] process > minimap_pipeline:createAbun... -
[-        ] process > minimap_pipeline:makeReport    -
[99/9d6132] process > minimap_pipeline:output_res... [  0%] 0 of 2








executor >  slurm (6)
[86/ad6090] process > checkBamHeaders (1)            [100%] 1 of 1 ✔
[0b/59c65b] process > fastcat (1)                    [  0%] 0 of 1
[skipped  ] process > prepare_databases:download_... [100%] 1 of 1, stored: 1 ✔
[skipped  ] process > prepare_databases:download_... [100%] 1 of 1, stored: 1 ✔
[38/8b74b9] process > minimap_pipeline:run_common... [100%] 1 of 1 ✔
[3e/9fdbfe] process > minimap_pipeline:run_common... [100%] 1 of 1 ✔
[-        ] process > minimap_pipeline:minimap       -
[-        ] process > minimap_pipeline:createAbun... -
[-        ] process > minimap_pipeline:makeReport    -
[99/9d6132] process > minimap_pipeline:output_res... [  0%] 0 of 2

executor >  slurm (6)
[86/ad6090] process > checkBamHeaders (1)            [100%] 1 of 1 ✔
[0b/59c65b] process > fastcat (1)                    [100%] 1 of 1 ✔
[skipped  ] process > prepare_databases:download_... [100%] 1 of 1, stored: 1 ✔
[skipped  ] process > prepare_databases:download_... [100%] 1 of 1, stored: 1 ✔
[38/8b74b9] process > minimap_pipeline:run_common... [100%] 1 of 1 ✔
[3e/9fdbfe] process > minimap_pipeline:run_common... [100%] 1 of 1 ✔
[-        ] process > minimap_pipeline:minimap       -
[-        ] process > minimap_pipeline:createAbun... -
[-        ] process > minimap_pipeline:makeReport    -
[99/9d6132] process > minimap_pipeline:output_res... [  0%] 0 of 2

executor >  slurm (6)
[86/ad6090] process > checkBamHeaders (1)            [100%] 1 of 1 ✔
[0b/59c65b] process > fastcat (1)                    [100%] 1 of 1 ✔
[skipped  ] process > prepare_databases:download_... [100%] 1 of 1, stored: 1 ✔
[skipped  ] process > prepare_databases:download_... [100%] 1 of 1, stored: 1 ✔
[38/8b74b9] process > minimap_pipeline:run_common... [100%] 1 of 1 ✔
[3e/9fdbfe] process > minimap_pipeline:run_common... [100%] 1 of 1 ✔
[-        ] process > minimap_pipeline:minimap       [  0%] 0 of 1
[-        ] process > minimap_pipeline:createAbun... -
[-        ] process > minimap_pipeline:makeReport    -
[99/9d6132] process > minimap_pipeline:output_res... [  0%] 0 of 2

executor >  slurm (7)
[86/ad6090] process > checkBamHeaders (1)            [100%] 1 of 1 ✔
[0b/59c65b] process > fastcat (1)                    [100%] 1 of 1 ✔
[skipped  ] process > prepare_databases:download_... [100%] 1 of 1, stored: 1 ✔
[skipped  ] process > prepare_databases:download_... [100%] 1 of 1, stored: 1 ✔
[38/8b74b9] process > minimap_pipeline:run_common... [100%] 1 of 1 ✔
[3e/9fdbfe] process > minimap_pipeline:run_common... [100%] 1 of 1 ✔
[6f/7c69dc] process > minimap_pipeline:minimap (b... [  0%] 0 of 1
[-        ] process > minimap_pipeline:createAbun... -
[-        ] process > minimap_pipeline:makeReport    -
[99/9d6132] process > minimap_pipeline:output_res... [  0%] 0 of 2

executor >  slurm (7)
[86/ad6090] process > checkBamHeaders (1)            [100%] 1 of 1 ✔
[0b/59c65b] process > fastcat (1)                    [100%] 1 of 1 ✔
[skipped  ] process > prepare_databases:download_... [100%] 1 of 1, stored: 1 ✔
[skipped  ] process > prepare_databases:download_... [100%] 1 of 1, stored: 1 ✔
[38/8b74b9] process > minimap_pipeline:run_common... [100%] 1 of 1 ✔
[3e/9fdbfe] process > minimap_pipeline:run_common... [100%] 1 of 1 ✔
[6f/7c69dc] process > minimap_pipeline:minimap (b... [  0%] 0 of 1
[-        ] process > minimap_pipeline:createAbun... -
[-        ] process > minimap_pipeline:makeReport    -
[19/cf70ca] process > minimap_pipeline:output_res... [ 50%] 1 of 2

executor >  slurm (7)
[86/ad6090] process > checkBamHeaders (1)            [100%] 1 of 1 ✔
[0b/59c65b] process > fastcat (1)                    [100%] 1 of 1 ✔
[skipped  ] process > prepare_databases:download_... [100%] 1 of 1, stored: 1 ✔
[skipped  ] process > prepare_databases:download_... [100%] 1 of 1, stored: 1 ✔
[38/8b74b9] process > minimap_pipeline:run_common... [100%] 1 of 1 ✔
[3e/9fdbfe] process > minimap_pipeline:run_common... [100%] 1 of 1 ✔
[6f/7c69dc] process > minimap_pipeline:minimap (b... [  0%] 0 of 1
[-        ] process > minimap_pipeline:createAbun... -
[-        ] process > minimap_pipeline:makeReport    -
[99/9d6132] process > minimap_pipeline:output_res... [100%] 2 of 2

executor >  slurm (7)
[86/ad6090] process > checkBamHeaders (1)            [100%] 1 of 1 ✔
[0b/59c65b] process > fastcat (1)                    [100%] 1 of 1 ✔
[skipped  ] process > prepare_databases:download_... [100%] 1 of 1, stored: 1 ✔
[skipped  ] process > prepare_databases:download_... [100%] 1 of 1, stored: 1 ✔
[38/8b74b9] process > minimap_pipeline:run_common... [100%] 1 of 1 ✔
[3e/9fdbfe] process > minimap_pipeline:run_common... [100%] 1 of 1 ✔
[6f/7c69dc] process > minimap_pipeline:minimap (b... [100%] 1 of 1 ✔
[-        ] process > minimap_pipeline:createAbun... [  0%] 0 of 1
[-        ] process > minimap_pipeline:makeReport    -
[99/9d6132] process > minimap_pipeline:output_res... [100%] 2 of 2

executor >  slurm (8)
[86/ad6090] process > checkBamHeaders (1)            [100%] 1 of 1 ✔
[0b/59c65b] process > fastcat (1)                    [100%] 1 of 1 ✔
[skipped  ] process > prepare_databases:download_... [100%] 1 of 1, stored: 1 ✔
[skipped  ] process > prepare_databases:download_... [100%] 1 of 1, stored: 1 ✔
[38/8b74b9] process > minimap_pipeline:run_common... [100%] 1 of 1 ✔
[3e/9fdbfe] process > minimap_pipeline:run_common... [100%] 1 of 1 ✔
[6f/7c69dc] process > minimap_pipeline:minimap (b... [100%] 1 of 1 ✔
[17/240740] process > minimap_pipeline:createAbun... [  0%] 0 of 1
[-        ] process > minimap_pipeline:makeReport    -
[99/9d6132] process > minimap_pipeline:output_res... [100%] 2 of 2

executor >  slurm (8)
[86/ad6090] process > checkBamHeaders (1)            [100%] 1 of 1 ✔
[0b/59c65b] process > fastcat (1)                    [100%] 1 of 1 ✔
[skipped  ] process > prepare_databases:download_... [100%] 1 of 1, stored: 1 ✔
[skipped  ] process > prepare_databases:download_... [100%] 1 of 1, stored: 1 ✔
[38/8b74b9] process > minimap_pipeline:run_common... [100%] 1 of 1 ✔
[3e/9fdbfe] process > minimap_pipeline:run_common... [100%] 1 of 1 ✔
[6f/7c69dc] process > minimap_pipeline:minimap (b... [100%] 1 of 1 ✔
[17/240740] process > minimap_pipeline:createAbun... [  0%] 0 of 1
[-        ] process > minimap_pipeline:makeReport    -
[99/9d6132] process > minimap_pipeline:output_res... [100%] 2 of 2

executor >  slurm (9)
[86/ad6090] process > checkBamHeaders (1)            [100%] 1 of 1 ✔
[0b/59c65b] process > fastcat (1)                    [100%] 1 of 1 ✔
[skipped  ] process > prepare_databases:download_... [100%] 1 of 1, stored: 1 ✔
[skipped  ] process > prepare_databases:download_... [100%] 1 of 1, stored: 1 ✔
[38/8b74b9] process > minimap_pipeline:run_common... [100%] 1 of 1 ✔
[3e/9fdbfe] process > minimap_pipeline:run_common... [100%] 1 of 1 ✔
[6f/7c69dc] process > minimap_pipeline:minimap (b... [100%] 1 of 1 ✔
[17/240740] process > minimap_pipeline:createAbun... [100%] 1 of 1 ✔
[-        ] process > minimap_pipeline:makeReport    [  0%] 0 of 1
[93/fb9c4e] process > minimap_pipeline:output_res... [ 66%] 2 of 3

executor >  slurm (10)
[86/ad6090] process > checkBamHeaders (1)            [100%] 1 of 1 ✔
[0b/59c65b] process > fastcat (1)                    [100%] 1 of 1 ✔
[skipped  ] process > prepare_databases:download_... [100%] 1 of 1, stored: 1 ✔
[skipped  ] process > prepare_databases:download_... [100%] 1 of 1, stored: 1 ✔
[38/8b74b9] process > minimap_pipeline:run_common... [100%] 1 of 1 ✔
[3e/9fdbfe] process > minimap_pipeline:run_common... [100%] 1 of 1 ✔
[6f/7c69dc] process > minimap_pipeline:minimap (b... [100%] 1 of 1 ✔
[17/240740] process > minimap_pipeline:createAbun... [100%] 1 of 1 ✔
[bb/79aa26] process > minimap_pipeline:makeReport... [  0%] 0 of 1
[93/fb9c4e] process > minimap_pipeline:output_res... [ 66%] 2 of 3

executor >  slurm (10)
[86/ad6090] process > checkBamHeaders (1)            [100%] 1 of 1 ✔
[0b/59c65b] process > fastcat (1)                    [100%] 1 of 1 ✔
[skipped  ] process > prepare_databases:download_... [100%] 1 of 1, stored: 1 ✔
[skipped  ] process > prepare_databases:download_... [100%] 1 of 1, stored: 1 ✔
[38/8b74b9] process > minimap_pipeline:run_common... [100%] 1 of 1 ✔
[3e/9fdbfe] process > minimap_pipeline:run_common... [100%] 1 of 1 ✔
[6f/7c69dc] process > minimap_pipeline:minimap (b... [100%] 1 of 1 ✔
[17/240740] process > minimap_pipeline:createAbun... [100%] 1 of 1 ✔
[bb/79aa26] process > minimap_pipeline:makeReport... [  0%] 0 of 1
[93/fb9c4e] process > minimap_pipeline:output_res... [ 66%] 2 of 3

executor >  slurm (10)
[86/ad6090] process > checkBamHeaders (1)            [100%] 1 of 1 ✔
[0b/59c65b] process > fastcat (1)                    [100%] 1 of 1 ✔
[skipped  ] process > prepare_databases:download_... [100%] 1 of 1, stored: 1 ✔
[skipped  ] process > prepare_databases:download_... [100%] 1 of 1, stored: 1 ✔
[38/8b74b9] process > minimap_pipeline:run_common... [100%] 1 of 1 ✔
[3e/9fdbfe] process > minimap_pipeline:run_common... [100%] 1 of 1 ✔
[6f/7c69dc] process > minimap_pipeline:minimap (b... [100%] 1 of 1 ✔
[17/240740] process > minimap_pipeline:createAbun... [100%] 1 of 1 ✔
[bb/79aa26] process > minimap_pipeline:makeReport... [100%] 1 of 1 ✔
[93/fb9c4e] process > minimap_pipeline:output_res... [ 75%] 3 of 4

executor >  slurm (11)
[86/ad6090] process > checkBamHeaders (1)            [100%] 1 of 1 ✔
[0b/59c65b] process > fastcat (1)                    [100%] 1 of 1 ✔
[skipped  ] process > prepare_databases:download_... [100%] 1 of 1, stored: 1 ✔
[skipped  ] process > prepare_databases:download_... [100%] 1 of 1, stored: 1 ✔
[38/8b74b9] process > minimap_pipeline:run_common... [100%] 1 of 1 ✔
[3e/9fdbfe] process > minimap_pipeline:run_common... [100%] 1 of 1 ✔
[6f/7c69dc] process > minimap_pipeline:minimap (b... [100%] 1 of 1 ✔
[17/240740] process > minimap_pipeline:createAbun... [100%] 1 of 1 ✔
[bb/79aa26] process > minimap_pipeline:makeReport... [100%] 1 of 1 ✔
[70/7836d5] process > minimap_pipeline:output_res... [ 75%] 3 of 4

executor >  slurm (11)
[86/ad6090] process > checkBamHeaders (1)            [100%] 1 of 1 ✔
[0b/59c65b] process > fastcat (1)                    [100%] 1 of 1 ✔
[skipped  ] process > prepare_databases:download_... [100%] 1 of 1, stored: 1 ✔
[skipped  ] process > prepare_databases:download_... [100%] 1 of 1, stored: 1 ✔
[38/8b74b9] process > minimap_pipeline:run_common... [100%] 1 of 1 ✔
[3e/9fdbfe] process > minimap_pipeline:run_common... [100%] 1 of 1 ✔
[6f/7c69dc] process > minimap_pipeline:minimap (b... [100%] 1 of 1 ✔
[17/240740] process > minimap_pipeline:createAbun... [100%] 1 of 1 ✔
[bb/79aa26] process > minimap_pipeline:makeReport... [100%] 1 of 1 ✔
[70/7836d5] process > minimap_pipeline:output_res... [ 75%] 3 of 4

executor >  slurm (11)
[86/ad6090] process > checkBamHeaders (1)            [100%] 1 of 1 ✔
[0b/59c65b] process > fastcat (1)                    [100%] 1 of 1 ✔
[skipped  ] process > prepare_databases:download_... [100%] 1 of 1, stored: 1 ✔
[skipped  ] process > prepare_databases:download_... [100%] 1 of 1, stored: 1 ✔
[38/8b74b9] process > minimap_pipeline:run_common... [100%] 1 of 1 ✔
[3e/9fdbfe] process > minimap_pipeline:run_common... [100%] 1 of 1 ✔
[6f/7c69dc] process > minimap_pipeline:minimap (b... [100%] 1 of 1 ✔
[17/240740] process > minimap_pipeline:createAbun... [100%] 1 of 1 ✔
[bb/79aa26] process > minimap_pipeline:makeReport... [100%] 1 of 1 ✔
[70/7836d5] process > minimap_pipeline:output_res... [100%] 4 of 4 ✔

executor >  slurm (11)
[86/ad6090] process > checkBamHeaders (1)            [100%] 1 of 1 ✔
[0b/59c65b] process > fastcat (1)                    [100%] 1 of 1 ✔
[skipped  ] process > prepare_databases:download_... [100%] 1 of 1, stored: 1 ✔
[skipped  ] process > prepare_databases:download_... [100%] 1 of 1, stored: 1 ✔
[38/8b74b9] process > minimap_pipeline:run_common... [100%] 1 of 1 ✔
[3e/9fdbfe] process > minimap_pipeline:run_common... [100%] 1 of 1 ✔
[6f/7c69dc] process > minimap_pipeline:minimap (b... [100%] 1 of 1 ✔
[17/240740] process > minimap_pipeline:createAbun... [100%] 1 of 1 ✔
[bb/79aa26] process > minimap_pipeline:makeReport... [100%] 1 of 1 ✔
[70/7836d5] process > minimap_pipeline:output_res... [100%] 4 of 4 ✔
Completed at: 07-Jun-2024 10:41:25
Duration    : 3m 31s
CPU hours   : 0.1
Succeeded   : 11


