Apr-19 13:20:13.575 [main] DEBUG nextflow.cli.Launcher - $> nextflow run epi2me-labs/wf-metagenomics/main.nf -profile singularity -c ./nextflow.config --fastq /hpc/home/yk132/storage/20230908_Dust_Redo_R9/Outputs/Job4_merged_fastq/barcode03_merged.fastq --database_set ncbi_16s_18s_28s_ITS --classifier minimap2 --threads 30 --out_dir /hpc/home/yk132/storage/20230908_Dust_Redo_R9/Outputs/Job8_wf_meta_barcode03_res --min_len 50 --store_dir /hpc/home/yk132/storage/20230908_Dust_Redo_R9/Outputs/Job8_db
Apr-19 13:20:13.869 [main] INFO  nextflow.cli.CmdRun - N E X T F L O W  ~  version 23.04.3
Apr-19 13:20:13.892 [main] DEBUG nextflow.plugin.PluginsFacade - Setting up plugin manager > mode=prod; embedded=false; plugins-dir=/hpc/home/yk132/.nextflow/plugins; core-plugins: nf-amazon@1.16.2,nf-azure@1.0.1,nf-codecommit@0.1.4,nf-console@1.0.5,nf-ga4gh@1.0.5,nf-google@1.7.3,nf-tower@1.5.12,nf-wave@0.8.4
Apr-19 13:20:13.975 [main] INFO  org.pf4j.DefaultPluginStatusProvider - Enabled plugins: []
Apr-19 13:20:13.976 [main] INFO  org.pf4j.DefaultPluginStatusProvider - Disabled plugins: []
Apr-19 13:20:13.980 [main] INFO  org.pf4j.DefaultPluginManager - PF4J version 3.4.1 in 'deployment' mode
Apr-19 13:20:13.994 [main] INFO  org.pf4j.AbstractPluginManager - No plugins
Apr-19 13:20:14.010 [main] DEBUG nextflow.scm.ProviderConfig - Using SCM config path: /hpc/home/yk132/.nextflow/scm
Apr-19 13:20:14.898 [main] DEBUG nextflow.scm.AssetManager - Git config: /hpc/home/yk132/.nextflow/assets/epi2me-labs/wf-metagenomics/.git/config; branch: master; remote: origin; url: https://github.com/epi2me-labs/wf-metagenomics.git
Apr-19 13:20:14.920 [main] DEBUG nextflow.scm.RepositoryFactory - Found Git repository result: [RepositoryFactory]
Apr-19 13:20:14.932 [main] DEBUG nextflow.scm.AssetManager - Git config: /hpc/home/yk132/.nextflow/assets/epi2me-labs/wf-metagenomics/.git/config; branch: master; remote: origin; url: https://github.com/epi2me-labs/wf-metagenomics.git
Apr-19 13:20:15.770 [main] INFO  nextflow.scm.AssetManager - NOTE: Your local project version looks outdated - a different revision is available in the remote repository [b12d893856]
Apr-19 13:20:15.778 [main] DEBUG nextflow.config.ConfigBuilder - Found config base: /hpc/home/yk132/.nextflow/assets/epi2me-labs/wf-metagenomics/nextflow.config
Apr-19 13:20:15.781 [main] DEBUG nextflow.config.ConfigBuilder - Found config local: /hpc/group/gunschlab/yk132/storage/20230908_Dust_Redo_R9/CAFO_Nanopore_clean/nextflow.config
Apr-19 13:20:15.783 [main] DEBUG nextflow.config.ConfigBuilder - User config file: /hpc/group/gunschlab/yk132/storage/20230908_Dust_Redo_R9/CAFO_Nanopore_clean/./nextflow.config
Apr-19 13:20:15.783 [main] DEBUG nextflow.config.ConfigBuilder - Parsing config file: /hpc/home/yk132/.nextflow/assets/epi2me-labs/wf-metagenomics/nextflow.config
Apr-19 13:20:15.783 [main] DEBUG nextflow.config.ConfigBuilder - Parsing config file: /hpc/group/gunschlab/yk132/storage/20230908_Dust_Redo_R9/CAFO_Nanopore_clean/nextflow.config
Apr-19 13:20:15.783 [main] DEBUG nextflow.config.ConfigBuilder - Parsing config file: /hpc/group/gunschlab/yk132/storage/20230908_Dust_Redo_R9/CAFO_Nanopore_clean/nextflow.config
Apr-19 13:20:15.793 [main] DEBUG nextflow.config.ConfigBuilder - Applying config profile: `singularity`
Apr-19 13:20:15.921 [main] DEBUG nextflow.config.ConfigBuilder - Applying config profile: `singularity`
Apr-19 13:20:15.941 [main] DEBUG nextflow.config.ConfigBuilder - Applying config profile: `singularity`
Apr-19 13:20:15.950 [main] DEBUG nextflow.config.ConfigBuilder - Available config profiles: [standard, conda, singularity, awsbatch, local]
Apr-19 13:20:15.986 [main] DEBUG nextflow.cli.CmdRun - Applied DSL=2 from script declararion
Apr-19 13:20:15.986 [main] INFO  nextflow.cli.CmdRun - Launching `https://github.com/epi2me-labs/wf-metagenomics` [happy_boltzmann] DSL2 - revision: 441c081893 [master]
Apr-19 13:20:15.987 [main] DEBUG nextflow.plugin.PluginsFacade - Plugins default=[]
Apr-19 13:20:15.987 [main] DEBUG nextflow.plugin.PluginsFacade - Plugins resolved requirement=[]
Apr-19 13:20:15.990 [main] DEBUG nextflow.secret.LocalSecretsProvider - Secrets store: /hpc/home/yk132/.nextflow/secrets/store.json
Apr-19 13:20:15.993 [main] DEBUG nextflow.secret.SecretsLoader - Discovered secrets providers: [nextflow.secret.LocalSecretsProvider@1c5d3a37] - activable => nextflow.secret.LocalSecretsProvider@1c5d3a37
Apr-19 13:20:16.055 [main] DEBUG nextflow.Session - Session UUID: 63b590aa-b336-45c9-81da-40b4f992ba7c
Apr-19 13:20:16.056 [main] DEBUG nextflow.Session - Run name: happy_boltzmann
Apr-19 13:20:16.056 [main] DEBUG nextflow.Session - Executor pool size: 30
Apr-19 13:20:16.067 [main] DEBUG nextflow.util.ThreadPoolBuilder - Creating thread pool 'FileTransfer' minSize=10; maxSize=90; workQueue=LinkedBlockingQueue[10000]; allowCoreThreadTimeout=false
Apr-19 13:20:16.102 [main] DEBUG nextflow.cli.CmdRun - 
  Version: 23.04.3 build 5875
  Created: 11-08-2023 18:37 UTC (14:37 EDT)
  System: Linux 5.14.0-362.8.1.el9_3.x86_64
  Runtime: Groovy 3.0.16 on OpenJDK 64-Bit Server VM 11.0.13+7-b1751.21
  Encoding: UTF-8 (UTF-8)
  Process: 2827834@dcc-gunschlab-01 [10.183.15.34]
  CPUs: 30 - Mem: 343.7 GB (3 GB) - Swap: 3.9 GB (3.7 GB)
Apr-19 13:20:16.173 [main] DEBUG nextflow.Session - Work-dir: /work/yk132/CAFO_Nanopore_work/nf_working [nfs]
Apr-19 13:20:16.200 [main] DEBUG nextflow.executor.ExecutorFactory - Extension executors providers=[]
Apr-19 13:20:16.210 [main] DEBUG nextflow.Session - Observer factory: DefaultObserverFactory
Apr-19 13:20:16.287 [main] DEBUG nextflow.cache.CacheFactory - Using Nextflow cache factory: nextflow.cache.DefaultCacheFactory
Apr-19 13:20:16.299 [main] DEBUG nextflow.util.CustomThreadPool - Creating default thread pool > poolSize: 31; maxThreads: 1000
Apr-19 13:20:16.467 [main] DEBUG nextflow.Session - Session start
Apr-19 13:20:16.478 [main] DEBUG nextflow.trace.TraceFileObserver - Workflow started -- trace file: /hpc/home/yk132/storage/20230908_Dust_Redo_R9/Outputs/Job8_wf_meta_barcode03_res/execution/trace.txt
Apr-19 13:20:16.552 [main] DEBUG nextflow.Session - Using default localLib path: /hpc/home/yk132/.nextflow/assets/epi2me-labs/wf-metagenomics/lib
Apr-19 13:20:16.563 [main] DEBUG nextflow.Session - Adding to the classpath library: /hpc/home/yk132/.nextflow/assets/epi2me-labs/wf-metagenomics/lib
Apr-19 13:20:16.564 [main] DEBUG nextflow.Session - Adding to the classpath library: /hpc/home/yk132/.nextflow/assets/epi2me-labs/wf-metagenomics/lib/nfcore_external_java_deps.jar
Apr-19 13:20:18.184 [main] DEBUG nextflow.script.ScriptRunner - > Launching execution
Apr-19 13:20:31.434 [main] WARN  nextflow.NextflowMeta$Preview - NEXTFLOW RECURSION IS A PREVIEW FEATURE - SYNTAX AND FUNCTIONALITY CAN CHANGE IN FUTURE RELEASES
Apr-19 13:20:31.702 [main] INFO  nextflow.Nextflow - 
[0;92m||||||||||   [0m[2m_____ ____ ___ ____  __  __ _____      _       _
[0;92m||||||||||  [0m[2m| ____|  _ \_ _|___ \|  \/  | ____|    | | __ _| |__  ___
[0;33m|||||       [0m[2m|  _| | |_) | |  __) | |\/| |  _| _____| |/ _` | '_ \/ __|
[0;33m|||||       [0m[2m| |___|  __/| | / __/| |  | | |__|_____| | (_| | |_) \__ \
[0;94m||||||||||  [0m[2m|_____|_|  |___|_____|_|  |_|_____|    |_|\__,_|_.__/|___/
[0;94m||||||||||  [0m[1mwf-metagenomics v2.9.1-g441c081[0m
[2m--------------------------------------------------------------------------------[0m
[1mCore Nextflow options[0m
  [0;34mrevision       : [0;32mmaster[0m
  [0;34mrunName        : [0;32mhappy_boltzmann[0m
  [0;34mcontainerEngine: [0;32msingularity[0m
  [0;34mlaunchDir      : [0;32m/hpc/group/gunschlab/yk132/storage/20230908_Dust_Redo_R9/CAFO_Nanopore_clean[0m
  [0;34mworkDir        : [0;32m/work/yk132/CAFO_Nanopore_work/nf_working[0m
  [0;34mprojectDir     : [0;32m/hpc/home/yk132/.nextflow/assets/epi2me-labs/wf-metagenomics[0m
  [0;34muserName       : [0;32myk132[0m
  [0;34mprofile        : [0;32msingularity[0m
  [0;34mconfigFiles    : [0;32m/hpc/home/yk132/.nextflow/assets/epi2me-labs/wf-metagenomics/nextflow.config, /hpc/group/gunschlab/yk132/storage/20230908_Dust_Redo_R9/CAFO_Nanopore_clean/nextflow.config, /hpc/group/gunschlab/yk132/storage/20230908_Dust_Redo_R9/CAFO_Nanopore_clean/./nextflow.config[0m

[1mInput Options[0m
  [0;34mfastq          : [0;32m/hpc/home/yk132/storage/20230908_Dust_Redo_R9/Outputs/Job4_merged_fastq/barcode03_merged.fastq[0m
  [0;34mclassifier     : [0;32mminimap2[0m

[1mReference Options[0m
  [0;34mdatabase_set   : [0;32mncbi_16s_18s_28s_ITS[0m
  [0;34mstore_dir      : [0;32m/hpc/home/yk132/storage/20230908_Dust_Redo_R9/Outputs/Job8_db[0m
  [0;34mdatabase_sets  : [0;32m[ncbi_16s_18s:[reference:https://ont-exd-int-s3-euwst1-epi2me-labs.s3.amazonaws.com/wf-metagenomics/ncbi_16s_18s/ncbi_targeted_loci_16s_18s.fna, database:https://ont-exd-int-s3-euwst1-epi2me-labs.s3.amazonaws.com/wf-metagenomics/ncbi_16s_18s/ncbi_targeted_loci_kraken2.tar.gz, ref2taxid:https://ont-exd-int-s3-euwst1-epi2me-labs.s3.amazonaws.com/wf-metagenomics/ncbi_16s_18s/ref2taxid.targloci.tsv, taxonomy:https://ftp.ncbi.nlm.nih.gov/pub/taxonomy/taxdump_archive/taxdmp_2023-01-01.zip], ncbi_16s_18s_28s_ITS:[reference:https://ont-exd-int-s3-euwst1-epi2me-labs.s3.amazonaws.com/wf-metagenomics/ncbi_16s_18s_28s_ITS/ncbi_16s_18s_28s_ITS.fna, database:https://ont-exd-int-s3-euwst1-epi2me-labs.s3.amazonaws.com/wf-metagenomics/ncbi_16s_18s_28s_ITS/ncbi_16s_18s_28s_ITS_kraken2.tar.gz, ref2taxid:https://ont-exd-int-s3-euwst1-epi2me-labs.s3.amazonaws.com/wf-metagenomics/ncbi_16s_18s_28s_ITS/ref2taxid.ncbi_16s_18s_28s_ITS.tsv, taxonomy:https://ftp.ncbi.nlm.nih.gov/pub/taxonomy/taxdump_archive/taxdmp_2023-01-01.zip], SILVA_138_1:[database:null], Standard-8:[database:https://genome-idx.s3.amazonaws.com/kraken/k2_standard_08gb_20231009.tar.gz, taxonomy:https://ftp.ncbi.nlm.nih.gov/pub/taxonomy/taxdump_archive/new_taxdump_2023-03-01.zip], PlusPF-8:[database:https://genome-idx.s3.amazonaws.com/kraken/k2_pluspf_08gb_20230314.tar.gz, taxonomy:https://ftp.ncbi.nlm.nih.gov/pub/taxonomy/taxdump_archive/new_taxdump_2023-03-01.zip], PlusPFP-8:[database:https://genome-idx.s3.amazonaws.com/kraken/k2_pluspfp_08gb_20230314.tar.gz, taxonomy:https://ftp.ncbi.nlm.nih.gov/pub/taxonomy/taxdump_archive/new_taxdump_2023-03-01.zip]][0m

[1mOutput Options[0m
  [0;34mout_dir        : [0;32m/hpc/home/yk132/storage/20230908_Dust_Redo_R9/Outputs/Job8_wf_meta_barcode03_res[0m

[1mAdvanced Options[0m
  [0;34mmin_len        : [0;32m50[0m
  [0;34mthreads        : [0;32m30[0m

!! Only displaying parameters that differ from the pipeline defaults !!
[2m--------------------------------------------------------------------------------[0m
If you use epi2me-labs/wf-metagenomics for your analysis please cite:

* The nf-core framework
  https://doi.org/10.1038/s41587-020-0439-x


[2m--------------------------------------------------------------------------------[0m
This is epi2me-labs/wf-metagenomics v2.9.1-g441c081.
[2m--------------------------------------------------------------------------------[0m
Apr-19 13:20:32.260 [main] INFO  nextflow.Nextflow - Checking inputs.
Apr-19 13:20:32.268 [main] INFO  nextflow.Nextflow - Searching input for [.fastq, .fastq.gz, .fq, .fq.gz] files.
Apr-19 13:20:32.486 [main] DEBUG nextflow.script.ProcessConfig - Config settings `withLabel:wf_common` matches labels `ingress,wf_common` for process with name fastcat
Apr-19 13:20:32.492 [main] DEBUG nextflow.executor.ExecutorFactory - << taskConfig executor: slurm
Apr-19 13:20:32.492 [main] DEBUG nextflow.executor.ExecutorFactory - >> processorType: 'slurm'
Apr-19 13:20:32.503 [main] DEBUG nextflow.executor.Executor - [warm up] executor > slurm
Apr-19 13:20:32.509 [main] DEBUG n.processor.TaskPollingMonitor - Creating task monitor for executor 'slurm' > capacity: 100; pollInterval: 5s; dumpInterval: 5m 
Apr-19 13:20:32.529 [main] DEBUG n.executor.AbstractGridExecutor - Creating executor 'slurm' > queue-stat-interval: 1m
Apr-19 13:20:32.608 [main] INFO  nextflow.Nextflow - Minimap2 pipeline.
Apr-19 13:20:32.611 [main] INFO  nextflow.Nextflow - Preparing databases.
Apr-19 13:20:32.611 [main] INFO  nextflow.Nextflow - Using default taxonomy database.
Apr-19 13:20:32.620 [main] DEBUG nextflow.script.ProcessConfig - Config settings `withLabel:wfmetagenomics` matches labels `wfmetagenomics` for process with name prepare_databases:download_unpack_taxonomy
Apr-19 13:20:32.621 [main] DEBUG nextflow.executor.ExecutorFactory - << taskConfig executor: slurm
Apr-19 13:20:32.621 [main] DEBUG nextflow.executor.ExecutorFactory - >> processorType: 'slurm'
Apr-19 13:20:32.625 [main] INFO  nextflow.Nextflow - Using a default database.
Apr-19 13:20:32.630 [main] DEBUG nextflow.script.ProcessConfig - Config settings `withLabel:wfmetagenomics` matches labels `wfmetagenomics` for process with name prepare_databases:download_reference_ref2taxid
Apr-19 13:20:32.631 [main] DEBUG nextflow.executor.ExecutorFactory - << taskConfig executor: slurm
Apr-19 13:20:32.631 [main] DEBUG nextflow.executor.ExecutorFactory - >> processorType: 'slurm'
Apr-19 13:20:32.647 [main] DEBUG nextflow.script.ProcessConfig - Config settings `withLabel:wfmetagenomics` matches labels `wfmetagenomics` for process with name minimap_pipeline:run_common:getVersions
Apr-19 13:20:32.647 [main] DEBUG nextflow.executor.ExecutorFactory - << taskConfig executor: slurm
Apr-19 13:20:32.647 [main] DEBUG nextflow.executor.ExecutorFactory - >> processorType: 'slurm'
Apr-19 13:20:32.650 [main] DEBUG nextflow.script.ProcessConfig - Config settings `withLabel:wfmetagenomics` matches labels `wfmetagenomics` for process with name minimap_pipeline:run_common:getParams
Apr-19 13:20:32.651 [main] DEBUG nextflow.executor.ExecutorFactory - << taskConfig executor: slurm
Apr-19 13:20:32.651 [main] DEBUG nextflow.executor.ExecutorFactory - >> processorType: 'slurm'
Apr-19 13:20:32.669 [main] DEBUG nextflow.script.ProcessConfig - Config settings `withLabel:wfmetagenomics` matches labels `wfmetagenomics` for process with name minimap_pipeline:minimap
Apr-19 13:20:32.671 [main] DEBUG nextflow.executor.ExecutorFactory - << taskConfig executor: slurm
Apr-19 13:20:32.671 [main] DEBUG nextflow.executor.ExecutorFactory - >> processorType: 'slurm'
Apr-19 13:20:32.685 [main] DEBUG nextflow.script.ProcessConfig - Config settings `withLabel:wfmetagenomics` matches labels `wfmetagenomics` for process with name minimap_pipeline:createAbundanceTables
Apr-19 13:20:32.685 [main] DEBUG nextflow.executor.ExecutorFactory - << taskConfig executor: slurm
Apr-19 13:20:32.685 [main] DEBUG nextflow.executor.ExecutorFactory - >> processorType: 'slurm'
Apr-19 13:20:32.699 [main] DEBUG nextflow.script.ProcessConfig - Config settings `withLabel:wf_common` matches labels `wf_common` for process with name minimap_pipeline:makeReport
Apr-19 13:20:32.699 [main] DEBUG nextflow.executor.ExecutorFactory - << taskConfig executor: slurm
Apr-19 13:20:32.699 [main] DEBUG nextflow.executor.ExecutorFactory - >> processorType: 'slurm'
Apr-19 13:20:32.714 [main] DEBUG nextflow.script.ProcessConfig - Config settings `withLabel:wfmetagenomics` matches labels `wfmetagenomics` for process with name minimap_pipeline:output_results
Apr-19 13:20:32.715 [main] DEBUG nextflow.executor.ExecutorFactory - << taskConfig executor: slurm
Apr-19 13:20:32.715 [main] DEBUG nextflow.executor.ExecutorFactory - >> processorType: 'slurm'
Apr-19 13:20:32.717 [main] DEBUG nextflow.Session - Workflow process names [dsl2]: move_or_compress_fq_file, concatAssignments, sortBam, minimap_pipeline:run_common:getParams, kraken_server, download_unpack_taxonomy, validate_sample_sheet, createAbundanceTables, getAlignmentStats, progressive_stats, checkBamHeaders, prepare_databases:download_reference_ref2taxid, mergeBams, output, stop_kraken_server, output_kraken2_read_assignments, abricate, progressive_amr, makeReport, minimap, getVersions, extractMinimap2Reads, rebatchFastq, output_results, minimap_pipeline:createAbundanceTables, minimap_pipeline:makeReport, check_reference_ref2taxid, kraken2_client, prepareSILVA, bamstats, run_kraken2, prepare_databases:download_unpack_taxonomy, progressive_bracken, minimap_pipeline:minimap, minimap_pipeline:output_results, determine_bracken_length, progressive_kraken_reports, fastcat, stopCondition, unpack_download_kraken2_database, minimap_pipeline:run_common:getVersions, abricateVersion, download_reference_ref2taxid, exclude_host_reads, run_bracken, getParams, catSortBams, abricate_json
Apr-19 13:20:32.719 [main] DEBUG nextflow.Session - Igniting dataflow network (14)
Apr-19 13:20:32.721 [main] DEBUG nextflow.processor.TaskProcessor - Starting process > fastcat
Apr-19 13:20:32.721 [main] DEBUG nextflow.processor.TaskProcessor - Starting process > prepare_databases:download_unpack_taxonomy
Apr-19 13:20:32.722 [main] DEBUG nextflow.processor.TaskProcessor - Starting process > prepare_databases:download_reference_ref2taxid
Apr-19 13:20:32.723 [main] DEBUG nextflow.processor.TaskProcessor - Starting process > minimap_pipeline:run_common:getVersions
Apr-19 13:20:32.723 [main] DEBUG nextflow.processor.TaskProcessor - Starting process > minimap_pipeline:run_common:getParams
Apr-19 13:20:32.723 [main] DEBUG nextflow.processor.TaskProcessor - Starting process > minimap_pipeline:minimap
Apr-19 13:20:32.725 [main] DEBUG nextflow.processor.TaskProcessor - Starting process > minimap_pipeline:createAbundanceTables
Apr-19 13:20:32.730 [main] DEBUG nextflow.processor.TaskProcessor - Starting process > minimap_pipeline:makeReport
Apr-19 13:20:32.735 [main] DEBUG nextflow.processor.TaskProcessor - Starting process > minimap_pipeline:output_results
Apr-19 13:20:32.735 [main] DEBUG nextflow.script.ScriptRunner - > Awaiting termination 
Apr-19 13:20:32.735 [main] DEBUG nextflow.Session - Session await
Apr-19 13:20:33.015 [Actor Thread 22] DEBUG nextflow.container.SingularityCache - Singularity found local store for image=docker://ontresearch/wf-metagenomics:sha44a6dacff5f2001d917b774647bb4cbc1b53bc76; path=/work/yk132/.singularity/cache/ontresearch-wf-metagenomics-sha44a6dacff5f2001d917b774647bb4cbc1b53bc76.img
Apr-19 13:20:33.015 [Actor Thread 19] DEBUG nextflow.container.SingularityCache - Singularity found local store for image=docker://ontresearch/wf-common:sha1c5febff9f75143710826498b093d9769a5edbb9; path=/work/yk132/.singularity/cache/ontresearch-wf-common-sha1c5febff9f75143710826498b093d9769a5edbb9.img
Apr-19 13:20:33.149 [Actor Thread 24] DEBUG nextflow.util.CacheHelper - Hash asset file sha-256: /hpc/home/yk132/.nextflow/assets/epi2me-labs/wf-metagenomics/data/OPTIONAL_FILE
Apr-19 13:20:33.675 [Task submitter] DEBUG nextflow.executor.GridTaskHandler - [SLURM] submitted process minimap_pipeline:run_common:getVersions > jobId: 7118128; workDir: /work/yk132/CAFO_Nanopore_work/nf_working/32/7ca7c07919729c51d7636f90ff0b69
Apr-19 13:20:33.676 [Task submitter] INFO  nextflow.Session - [32/7ca7c0] Submitted process > minimap_pipeline:run_common:getVersions
Apr-19 13:20:33.985 [Task submitter] DEBUG nextflow.executor.GridTaskHandler - [SLURM] submitted process prepare_databases:download_reference_ref2taxid > jobId: 7118129; workDir: /work/yk132/CAFO_Nanopore_work/nf_working/b1/474e817ae02fd245c558aff29bdde6
Apr-19 13:20:33.986 [Task submitter] INFO  nextflow.Session - [b1/474e81] Submitted process > prepare_databases:download_reference_ref2taxid
Apr-19 13:20:34.272 [Task submitter] DEBUG nextflow.executor.GridTaskHandler - [SLURM] submitted process fastcat (1) > jobId: 7118130; workDir: /work/yk132/CAFO_Nanopore_work/nf_working/40/381fe4d8c8f6480b20826230469655
Apr-19 13:20:34.272 [Task submitter] INFO  nextflow.Session - [40/381fe4] Submitted process > fastcat (1)
Apr-19 13:20:34.529 [Task submitter] DEBUG nextflow.executor.GridTaskHandler - [SLURM] submitted process minimap_pipeline:run_common:getParams > jobId: 7118131; workDir: /work/yk132/CAFO_Nanopore_work/nf_working/ce/bc5f512d07bddcbd4921f0e64a9a9d
Apr-19 13:20:34.530 [Task submitter] INFO  nextflow.Session - [ce/bc5f51] Submitted process > minimap_pipeline:run_common:getParams
Apr-19 13:20:34.685 [Task submitter] DEBUG nextflow.executor.GridTaskHandler - [SLURM] submitted process prepare_databases:download_unpack_taxonomy > jobId: 7118132; workDir: /work/yk132/CAFO_Nanopore_work/nf_working/89/0c2934828d68ff2659c3cafebedb4b
Apr-19 13:20:34.686 [Task submitter] INFO  nextflow.Session - [89/0c2934] Submitted process > prepare_databases:download_unpack_taxonomy
Apr-19 13:21:07.653 [Task monitor] DEBUG n.processor.TaskPollingMonitor - Task completed > TaskHandler[jobId: 7118128; id: 2; name: minimap_pipeline:run_common:getVersions; status: COMPLETED; exit: 0; error: -; workDir: /work/yk132/CAFO_Nanopore_work/nf_working/32/7ca7c07919729c51d7636f90ff0b69 started: 1713547237545; exited: 2024-04-19T17:20:56.525653Z; ]
Apr-19 13:21:07.870 [Task monitor] DEBUG n.processor.TaskPollingMonitor - Task completed > TaskHandler[jobId: 7118129; id: 4; name: prepare_databases:download_reference_ref2taxid; status: COMPLETED; exit: 0; error: -; workDir: /work/yk132/CAFO_Nanopore_work/nf_working/b1/474e817ae02fd245c558aff29bdde6 started: 1713547237709; exited: 2024-04-19T17:20:47.539811Z; ]
Apr-19 13:21:07.872 [Task monitor] DEBUG nextflow.processor.TaskProcessor - Process `prepare_databases:download_reference_ref2taxid` is unable to find [UnixPath]: `/hpc/home/yk132/storage/20230908_Dust_Redo_R9/Outputs/Job8_db/ncbi_16s_18s_28s_ITS/ncbi_16s_18s_28s_ITS_db/ncbi_16s_18s_28s_ITS.fna` (pattern: `ncbi_16s_18s_28s_ITS_db/ncbi_16s_18s_28s_ITS.fna`)
Apr-19 13:21:07.880 [Task monitor] DEBUG nextflow.processor.TaskProcessor - Handling unexpected condition for
  task: name=prepare_databases:download_reference_ref2taxid; work-dir=/work/yk132/CAFO_Nanopore_work/nf_working/b1/474e817ae02fd245c558aff29bdde6
  error [nextflow.exception.MissingFileException]: Missing output file(s) `ncbi_16s_18s_28s_ITS_db/ncbi_16s_18s_28s_ITS.fna` expected by process `prepare_databases:download_reference_ref2taxid`
Apr-19 13:21:08.003 [Task monitor] ERROR nextflow.processor.TaskProcessor - Error executing process > 'prepare_databases:download_reference_ref2taxid'

Caused by:
  Missing output file(s) `ncbi_16s_18s_28s_ITS_db/ncbi_16s_18s_28s_ITS.fna` expected by process `prepare_databases:download_reference_ref2taxid`

Command executed:

  wget 'https://ont-exd-int-s3-euwst1-epi2me-labs.s3.amazonaws.com/wf-metagenomics/ncbi_16s_18s_28s_ITS/ncbi_16s_18s_28s_ITS.fna'
  wget 'https://ont-exd-int-s3-euwst1-epi2me-labs.s3.amazonaws.com/wf-metagenomics/ncbi_16s_18s_28s_ITS/ref2taxid.ncbi_16s_18s_28s_ITS.tsv'
  mkdir ncbi_16s_18s_28s_ITS_db
  mv "ncbi_16s_18s_28s_ITS.fna" ncbi_16s_18s_28s_ITS_db/
  mv "ref2taxid.ncbi_16s_18s_28s_ITS.tsv" ncbi_16s_18s_28s_ITS_db/

Command exit status:
  0

Command output:
  (empty)

Command error:
   65250K .......... .......... .......... .......... .......... 98%  177M 0s
   65300K .......... .......... .......... .......... .......... 98%  272M 0s
   65350K .......... .......... .......... .......... .......... 99%  213M 0s
   65400K .......... .......... .......... .......... .......... 99%  270M 0s
   65450K .......... .......... .......... .......... .......... 99%  271M 0s
   65500K .......... .......... .......... .......... .......... 99%  259M 0s
   65550K .......... .......... .......... .......... .......... 99%  242M 0s
   65600K .......... .......... .......... .......... .......... 99%  247M 0s
   65650K .......... .......... .......... .......... .......... 99%  274M 0s
   65700K .......... .......... .......... .......... .......... 99%  267M 0s
   65750K .......... .......... .......... .......... .......... 99% 1.14M 0s
   65800K .......... .......... .......... .......... .......... 99% 30.3M 0s
   65850K .......... .......... .......... .......... .......... 99% 43.0M 0s
   65900K .......... .......... .......... .......... .......... 99% 64.4M 0s
   65950K .......... .......... .......... .......... .......... 99% 57.2M 0s
   66000K .......... ..                                         100% 66.1M=3.7s
  
  2024-04-19 13:20:43 (17.5 MB/s) - 'ncbi_16s_18s_28s_ITS.fna' saved [67596916/67596916]
  
  --2024-04-19 13:20:43--  https://ont-exd-int-s3-euwst1-epi2me-labs.s3.amazonaws.com/wf-metagenomics/ncbi_16s_18s_28s_ITS/ref2taxid.ncbi_16s_18s_28s_ITS.tsv
  Resolving ont-exd-int-s3-euwst1-epi2me-labs.s3.amazonaws.com (ont-exd-int-s3-euwst1-epi2me-labs.s3.amazonaws.com)... 52.92.18.233, 52.218.85.50, 52.218.26.138, ...
  Connecting to ont-exd-int-s3-euwst1-epi2me-labs.s3.amazonaws.com (ont-exd-int-s3-euwst1-epi2me-labs.s3.amazonaws.com)|52.92.18.233|:443... connected.
  HTTP request sent, awaiting response... 200 OK
  Length: 1068210 (1.0M) [text/tab-separated-values]
  Saving to: 'ref2taxid.ncbi_16s_18s_28s_ITS.tsv'
  
       0K .......... .......... .......... .......... ..........  4%  855K 1s
      50K .......... .......... .......... .......... ..........  9%  255K 2s
     100K .......... .......... .......... .......... .......... 14%  507K 2s
     150K .......... .......... .......... .......... .......... 19% 69.4M 1s
     200K .......... .......... .......... .......... .......... 23%  511K 1s
     250K .......... .......... .......... .......... .......... 28% 28.3M 1s
     300K .......... .......... .......... .......... .......... 33% 34.4M 1s
     350K .......... .......... .......... .......... .......... 38%  110M 1s
     400K .......... .......... .......... .......... .......... 43%  528K 1s
     450K .......... .......... .......... .......... .......... 47% 85.3M 1s
     500K .......... .......... .......... .......... .......... 52% 91.5M 0s
     550K .......... .......... .......... .......... .......... 57%  102M 0s
     600K .......... .......... .......... .......... .......... 62%  110M 0s
     650K .......... .......... .......... .......... .......... 67%  107M 0s
     700K .......... .......... .......... .......... .......... 71%  105M 0s
     750K .......... .......... .......... .......... .......... 76%  107M 0s
     800K .......... .......... .......... .......... .......... 81%  114M 0s
     850K .......... .......... .......... .......... .......... 86%  530K 0s
     900K .......... .......... .......... .......... .......... 91%  290M 0s
     950K .......... .......... .......... .......... .......... 95%  273M 0s
    1000K .......... .......... .......... .......... ...       100%  315M=0.6s
  
  2024-04-19 13:20:44 (1.57 MB/s) - 'ref2taxid.ncbi_16s_18s_28s_ITS.tsv' saved [1068210/1068210]

Work dir:
  /work/yk132/CAFO_Nanopore_work/nf_working/b1/474e817ae02fd245c558aff29bdde6

Tip: you can replicate the issue by changing to the process work dir and entering the command `bash .command.run`
Apr-19 13:21:08.012 [Task submitter] DEBUG nextflow.executor.GridTaskHandler - [SLURM] submitted process minimap_pipeline:output_results (1) > jobId: 7118171; workDir: /work/yk132/CAFO_Nanopore_work/nf_working/d5/c70efe87f9503b531101c32059fdf6
Apr-19 13:21:08.012 [Task submitter] INFO  nextflow.Session - [d5/c70efe] Submitted process > minimap_pipeline:output_results (1)
Apr-19 13:21:08.109 [Task monitor] DEBUG nextflow.Session - Session aborted -- Cause: Missing output file(s) `ncbi_16s_18s_28s_ITS_db/ncbi_16s_18s_28s_ITS.fna` expected by process `prepare_databases:download_reference_ref2taxid`
Apr-19 13:21:08.127 [Task monitor] DEBUG nextflow.Session - The following nodes are still active:
[process] minimap_pipeline:output_results
  status=ACTIVE
  port 0: (queue) OPEN  ; channel: -
  port 1: (cntrl) -     ; channel: $

Apr-19 13:21:08.484 [main] DEBUG nextflow.Session - Session await > all processes finished
Apr-19 13:21:08.487 [main] DEBUG nextflow.Session - Session await > all barriers passed
Apr-19 13:21:08.685 [Task monitor] DEBUG n.processor.TaskPollingMonitor - Task completed > TaskHandler[jobId: 7118130; id: 5; name: fastcat (1); status: COMPLETED; exit: 0; error: -; workDir: /work/yk132/CAFO_Nanopore_work/nf_working/40/381fe4d8c8f6480b20826230469655 started: 1713547237712; exited: 2024-04-19T17:20:42.492811Z; ]
Apr-19 13:21:08.697 [main] WARN  n.processor.TaskPollingMonitor - Killing running tasks (3)
Apr-19 13:21:08.821 [Task monitor] DEBUG n.processor.TaskPollingMonitor - Task completed > TaskHandler[jobId: 7118131; id: 1; name: minimap_pipeline:run_common:getParams; status: COMPLETED; exit: 0; error: -; workDir: /work/yk132/CAFO_Nanopore_work/nf_working/ce/bc5f512d07bddcbd4921f0e64a9a9d started: 1713547237715; exited: 2024-04-19T17:20:38.163612Z; ]
Apr-19 13:21:08.827 [main] DEBUG nextflow.trace.WorkflowStatsObserver - Workflow completed > WorkflowStats[succeededCount=2; failedCount=1; ignoredCount=0; cachedCount=0; pendingCount=0; submittedCount=1; runningCount=-1; retriesCount=0; abortedCount=3; succeedDuration=27.3s; failedDuration=7.5s; cachedDuration=0ms;loadCpus=-1; loadMemory=0; peakRunning=5; peakCpus=7; peakMemory=10 GB; ]
Apr-19 13:21:08.828 [main] DEBUG nextflow.trace.TraceFileObserver - Workflow completed -- saving trace file
Apr-19 13:21:08.846 [Task monitor] DEBUG n.processor.TaskPollingMonitor - Task completed > TaskHandler[jobId: 7118132; id: 3; name: prepare_databases:download_unpack_taxonomy; status: COMPLETED; exit: 0; error: -; workDir: /work/yk132/CAFO_Nanopore_work/nf_working/89/0c2934828d68ff2659c3cafebedb4b started: 1713547237718; exited: 2024-04-19T17:20:52.801864Z; ]
Apr-19 13:21:08.848 [Task monitor] DEBUG nextflow.processor.TaskProcessor - Process `prepare_databases:download_unpack_taxonomy` is unable to find [UnixPath]: `/hpc/home/yk132/storage/20230908_Dust_Redo_R9/Outputs/Job8_db/ncbi_16s_18s_28s_ITS/taxdmp_2023-01-01_db` (pattern: `taxdmp_2023-01-01_db`)
Apr-19 13:21:08.849 [Task monitor] DEBUG nextflow.processor.TaskProcessor - Handling unexpected condition for
  task: name=prepare_databases:download_unpack_taxonomy; work-dir=/work/yk132/CAFO_Nanopore_work/nf_working/89/0c2934828d68ff2659c3cafebedb4b
  error [nextflow.exception.MissingFileException]: Missing output file(s) `taxdmp_2023-01-01_db` expected by process `prepare_databases:download_unpack_taxonomy`
Apr-19 13:21:08.867 [main] DEBUG nextflow.trace.ReportObserver - Workflow completed -- rendering execution report
Apr-19 13:21:08.913 [main] DEBUG nextflow.trace.ReportObserver - Execution report summary data:
  [{"cpuUsage":{"mean":20.9,"min":20.9,"q1":20.9,"q2":20.9,"q3":20.9,"max":20.9,"minLabel":"minimap_pipeline:run_common:getVersions","maxLabel":"minimap_pipeline:run_common:getVersions","q1Label":"minimap_pipeline:run_common:getVersions","q2Label":"minimap_pipeline:run_common:getVersions","q3Label":"minimap_pipeline:run_common:getVersions"},"process":"getVersions","mem":{"mean":53231616,"min":53231616,"q1":53231616,"q2":53231616,"q3":53231616,"max":53231616,"minLabel":"minimap_pipeline:run_common:getVersions","maxLabel":"minimap_pipeline:run_common:getVersions","q1Label":"minimap_pipeline:run_common:getVersions","q2Label":"minimap_pipeline:run_common:getVersions","q3Label":"minimap_pipeline:run_common:getVersions"},"memUsage":{"mean":2.48,"min":2.48,"q1":2.48,"q2":2.48,"q3":2.48,"max":2.48,"minLabel":"minimap_pipeline:run_common:getVersions","maxLabel":"minimap_pipeline:run_common:getVersions","q1Label":"minimap_pipeline:run_common:getVersions","q2Label":"minimap_pipeline:run_common:getVersions","q3Label":"minimap_pipeline:run_common:getVersions"},"timeUsage":null,"vmem":{"mean":104873984,"min":104873984,"q1":104873984,"q2":104873984,"q3":104873984,"max":104873984,"minLabel":"minimap_pipeline:run_common:getVersions","maxLabel":"minimap_pipeline:run_common:getVersions","q1Label":"minimap_pipeline:run_common:getVersions","q2Label":"minimap_pipeline:run_common:getVersions","q3Label":"minimap_pipeline:run_common:getVersions"},"reads":{"mean":38232955,"min":38232955,"q1":38232955,"q2":38232955,"q3":38232955,"max":38232955,"minLabel":"minimap_pipeline:run_common:getVersions","maxLabel":"minimap_pipeline:run_common:getVersions","q1Label":"minimap_pipeline:run_common:getVersions","q2Label":"minimap_pipeline:run_common:getVersions","q3Label":"minimap_pipeline:run_common:getVersions"},"cpu":{"mean":20.9,"min":20.9,"q1":20.9,"q2":20.9,"q3":20.9,"max":20.9,"minLabel":"minimap_pipeline:run_common:getVersions","maxLabel":"minimap_pipeline:run_common:getVersions","q1Label":"minimap_pipeline:run_common:getVersions","q2Label":"minimap_pipeline:run_common:getVersions","q3Label":"minimap_pipeline:run_common:getVersions"},"time":{"mean":18752,"min":18752,"q1":18752,"q2":18752,"q3":18752,"max":18752,"minLabel":"minimap_pipeline:run_common:getVersions","maxLabel":"minimap_pipeline:run_common:getVersions","q1Label":"minimap_pipeline:run_common:getVersions","q2Label":"minimap_pipeline:run_common:getVersions","q3Label":"minimap_pipeline:run_common:getVersions"},"writes":{"mean":3123,"min":3123,"q1":3123,"q2":3123,"q3":3123,"max":3123,"minLabel":"minimap_pipeline:run_common:getVersions","maxLabel":"minimap_pipeline:run_common:getVersions","q1Label":"minimap_pipeline:run_common:getVersions","q2Label":"minimap_pipeline:run_common:getVersions","q3Label":"minimap_pipeline:run_common:getVersions"}},{"cpuUsage":{"mean":7.2,"min":7.2,"q1":7.2,"q2":7.2,"q3":7.2,"max":7.2,"minLabel":"prepare_databases:download_reference_ref2taxid","maxLabel":"prepare_databases:download_reference_ref2taxid","q1Label":"prepare_databases:download_reference_ref2taxid","q2Label":"prepare_databases:download_reference_ref2taxid","q3Label":"prepare_databases:download_reference_ref2taxid"},"process":"download_reference_ref2taxid","mem":{"mean":9166848,"min":9166848,"q1":9166848,"q2":9166848,"q3":9166848,"max":9166848,"minLabel":"prepare_databases:download_reference_ref2taxid","maxLabel":"prepare_databases:download_reference_ref2taxid","q1Label":"prepare_databases:download_reference_ref2taxid","q2Label":"prepare_databases:download_reference_ref2taxid","q3Label":"prepare_databases:download_reference_ref2taxid"},"memUsage":{"mean":0.43,"min":0.43,"q1":0.43,"q2":0.43,"q3":0.43,"max":0.43,"minLabel":"prepare_databases:download_reference_ref2taxid","maxLabel":"prepare_databases:download_reference_ref2taxid","q1Label":"prepare_databases:download_reference_ref2taxid","q2Label":"prepare_databases:download_reference_ref2taxid","q3Label":"prepare_databases:download_reference_ref2taxid"},"timeUsage":null,"vmem":{"mean":14082048,"min":14082048,"q1":14082048,"q2":14082048,"q3":14082048,"max":14082048,"minLabel":"prepare_databases:download_reference_ref2taxid","maxLabel":"prepare_databases:download_reference_ref2taxid","q1Label":"prepare_databases:download_reference_ref2taxid","q2Label":"prepare_databases:download_reference_ref2taxid","q3Label":"prepare_databases:download_reference_ref2taxid"},"reads":{"mean":70180457,"min":70180457,"q1":70180457,"q2":70180457,"q3":70180457,"max":70180457,"minLabel":"prepare_databases:download_reference_ref2taxid","maxLabel":"prepare_databases:download_reference_ref2taxid","q1Label":"prepare_databases:download_reference_ref2taxid","q2Label":"prepare_databases:download_reference_ref2taxid","q3Label":"prepare_databases:download_reference_ref2taxid"},"cpu":{"mean":7.2,"min":7.2,"q1":7.2,"q2":7.2,"q3":7.2,"max":7.2,"minLabel":"prepare_databases:download_reference_ref2taxid","maxLabel":"prepare_databases:download_reference_ref2taxid","q1Label":"prepare_databases:download_reference_ref2taxid","q2Label":"prepare_databases:download_reference_ref2taxid","q3Label":"prepare_databases:download_reference_ref2taxid"},"time":{"mean":7492,"min":7492,"q1":7492,"q2":7492,"q3":7492,"max":7492,"minLabel":"prepare_databases:download_reference_ref2taxid","maxLabel":"prepare_databases:download_reference_ref2taxid","q1Label":"prepare_databases:download_reference_ref2taxid","q2Label":"prepare_databases:download_reference_ref2taxid","q3Label":"prepare_databases:download_reference_ref2taxid"},"writes":{"mean":68770506,"min":68770506,"q1":68770506,"q2":68770506,"q3":68770506,"max":68770506,"minLabel":"prepare_databases:download_reference_ref2taxid","maxLabel":"prepare_databases:download_reference_ref2taxid","q1Label":"prepare_databases:download_reference_ref2taxid","q2Label":"prepare_databases:download_reference_ref2taxid","q3Label":"prepare_databases:download_reference_ref2taxid"}},{"cpuUsage":{"mean":10,"min":10,"q1":10,"q2":10,"q3":10,"max":10,"minLabel":"minimap_pipeline:run_common:getParams","maxLabel":"minimap_pipeline:run_common:getParams","q1Label":"minimap_pipeline:run_common:getParams","q2Label":"minimap_pipeline:run_common:getParams","q3Label":"minimap_pipeline:run_common:getParams"},"process":"getParams","mem":null,"memUsage":null,"timeUsage":null,"vmem":null,"reads":{"mean":423265,"min":423265,"q1":423265,"q2":423265,"q3":423265,"max":423265,"minLabel":"minimap_pipeline:run_common:getParams","maxLabel":"minimap_pipeline:run_common:getParams","q1Label":"minimap_pipeline:run_common:getParams","q2Label":"minimap_pipeline:run_common:getParams","q3Label":"minimap_pipeline:run_common:getParams"},"cpu":{"mean":10,"min":10,"q1":10,"q2":10,"q3":10,"max":10,"minLabel":"minimap_pipeline:run_common:getParams","maxLabel":"minimap_pipeline:run_common:getParams","q1Label":"minimap_pipeline:run_common:getParams","q2Label":"minimap_pipeline:run_common:getParams","q3Label":"minimap_pipeline:run_common:getParams"},"time":{"mean":36,"min":36,"q1":36,"q2":36,"q3":36,"max":36,"minLabel":"minimap_pipeline:run_common:getParams","maxLabel":"minimap_pipeline:run_common:getParams","q1Label":"minimap_pipeline:run_common:getParams","q2Label":"minimap_pipeline:run_common:getParams","q3Label":"minimap_pipeline:run_common:getParams"},"writes":{"mean":4354,"min":4354,"q1":4354,"q2":4354,"q3":4354,"max":4354,"minLabel":"minimap_pipeline:run_common:getParams","maxLabel":"minimap_pipeline:run_common:getParams","q1Label":"minimap_pipeline:run_common:getParams","q2Label":"minimap_pipeline:run_common:getParams","q3Label":"minimap_pipeline:run_common:getParams"}},{"cpuUsage":null,"process":"download_unpack_taxonomy","mem":null,"memUsage":null,"timeUsage":null,"vmem":null,"reads":null,"cpu":null,"time":null,"writes":null},{"cpuUsage":null,"process":"output_results","mem":null,"memUsage":null,"timeUsage":null,"vmem":null,"reads":null,"cpu":null,"time":null,"writes":null},{"cpuUsage":{"mean":2.7,"min":2.7,"q1":2.7,"q2":2.7,"q3":2.7,"max":2.7,"minLabel":"fastcat (1)","maxLabel":"fastcat (1)","q1Label":"fastcat (1)","q2Label":"fastcat (1)","q3Label":"fastcat (1)"},"process":"fastcat","mem":{"mean":17416192,"min":17416192,"q1":17416192,"q2":17416192,"q3":17416192,"max":17416192,"minLabel":"fastcat (1)","maxLabel":"fastcat (1)","q1Label":"fastcat (1)","q2Label":"fastcat (1)","q3Label":"fastcat (1)"},"memUsage":{"mean":0.81,"min":0.81,"q1":0.81,"q2":0.81,"q3":0.81,"max":0.81,"minLabel":"fastcat (1)","maxLabel":"fastcat (1)","q1Label":"fastcat (1)","q2Label":"fastcat (1)","q3Label":"fastcat (1)"},"timeUsage":null,"vmem":{"mean":1517678592,"min":1517678592,"q1":1517678592,"q2":1517678592,"q3":1517678592,"max":1517678592,"minLabel":"fastcat (1)","maxLabel":"fastcat (1)","q1Label":"fastcat (1)","q2Label":"fastcat (1)","q3Label":"fastcat (1)"},"reads":{"mean":918983,"min":918983,"q1":918983,"q2":918983,"q3":918983,"max":918983,"minLabel":"fastcat (1)","maxLabel":"fastcat (1)","q1Label":"fastcat (1)","q2Label":"fastcat (1)","q3Label":"fastcat (1)"},"cpu":{"mean":8.1,"min":8.1,"q1":8.1,"q2":8.1,"q3":8.1,"max":8.1,"minLabel":"fastcat (1)","maxLabel":"fastcat (1)","q1Label":"fastcat (1)","q2Label":"fastcat (1)","q3Label":"fastcat (1)"},"time":{"mean":2852,"min":2852,"q1":2852,"q2":2852,"q3":2852,"max":2852,"minLabel":"fastcat (1)","maxLabel":"fastcat (1)","q1Label":"fastcat (1)","q2Label":"fastcat (1)","q3Label":"fastcat (1)"},"writes":{"mean":362795,"min":362795,"q1":362795,"q2":362795,"q3":362795,"max":362795,"minLabel":"fastcat (1)","maxLabel":"fastcat (1)","q1Label":"fastcat (1)","q2Label":"fastcat (1)","q3Label":"fastcat (1)"}}]
Apr-19 13:21:09.764 [main] DEBUG nextflow.trace.TimelineObserver - Workflow completed -- rendering execution timeline
Apr-19 13:21:10.019 [main] DEBUG nextflow.cache.CacheDB - Closing CacheDB done
Apr-19 13:21:14.373 [main] DEBUG nextflow.script.ScriptRunner - > Execution complete -- Goodbye
